2019-01-16 13:31:36 下午 [Thread: main][ Class:ServiceRegistryImpl >> Method: tech.mystox.test.zookeeper.ServiceRegistryImpl.<init>(ServiceRegistryImpl.java:27) ]
ERROR:connected to zookeeper
2019-01-16 13:31:40 下午 [Thread: main][ Class:ServiceRegistryImpl >> Method: tech.mystox.test.zookeeper.ServiceRegistryImpl.<init>(ServiceRegistryImpl.java:27) ]
ERROR:connected to zookeeper
2019-01-16 13:37:08 下午 [Thread: main][ Class:ServiceRegistryImpl >> Method: tech.mystox.test.zookeeper.ServiceRegistryImpl.<init>(ServiceRegistryImpl.java:27) ]
ERROR:connected to zookeeper
2019-01-16 13:37:08 下午 [Thread: main][ Class:ServiceRegistryImpl >> Method: tech.mystox.test.zookeeper.ServiceRegistryImpl.<init>(ServiceRegistryImpl.java:27) ]
ERROR:connected to zookeeper
2019-01-16 13:37:08 下午 [Thread: main][ Class:ServiceRegistryImpl >> Method: tech.mystox.test.zookeeper.ServiceRegistryImpl.<init>(ServiceRegistryImpl.java:27) ]
ERROR:connected to zookeeper
2019-01-16 13:37:36 下午 [Thread: main][ Class:ServiceRegistryImpl >> Method: tech.mystox.test.zookeeper.ServiceRegistryImpl.<init>(ServiceRegistryImpl.java:27) ]
ERROR:connected to zookeeper
2019-01-16 13:37:36 下午 [Thread: main][ Class:ServiceRegistryImpl >> Method: tech.mystox.test.zookeeper.ServiceRegistryImpl.<init>(ServiceRegistryImpl.java:27) ]
ERROR:connected to zookeeper
2019-01-16 13:37:37 下午 [Thread: main][ Class:ServiceRegistryImpl >> Method: tech.mystox.test.zookeeper.ServiceRegistryImpl.<init>(ServiceRegistryImpl.java:27) ]
ERROR:connected to zookeeper
2019-01-16 13:37:37 下午 [Thread: main][ Class:ServiceRegistryImpl >> Method: tech.mystox.test.zookeeper.ServiceRegistryImpl.<init>(ServiceRegistryImpl.java:27) ]
ERROR:connected to zookeeper
2019-01-16 13:37:37 下午 [Thread: main][ Class:ServiceRegistryImpl >> Method: tech.mystox.test.zookeeper.ServiceRegistryImpl.<init>(ServiceRegistryImpl.java:27) ]
ERROR:connected to zookeeper
2019-01-16 13:37:37 下午 [Thread: main][ Class:ServiceRegistryImpl >> Method: tech.mystox.test.zookeeper.ServiceRegistryImpl.<init>(ServiceRegistryImpl.java:27) ]
ERROR:connected to zookeeper
2019-01-16 13:37:37 下午 [Thread: main][ Class:ServiceRegistryImpl >> Method: tech.mystox.test.zookeeper.ServiceRegistryImpl.<init>(ServiceRegistryImpl.java:27) ]
ERROR:connected to zookeeper
2019-01-16 13:37:37 下午 [Thread: main][ Class:ServiceRegistryImpl >> Method: tech.mystox.test.zookeeper.ServiceRegistryImpl.<init>(ServiceRegistryImpl.java:27) ]
ERROR:connected to zookeeper
2019-01-16 13:37:37 下午 [Thread: main][ Class:ServiceRegistryImpl >> Method: tech.mystox.test.zookeeper.ServiceRegistryImpl.<init>(ServiceRegistryImpl.java:27) ]
ERROR:connected to zookeeper
2019-01-16 13:37:37 下午 [Thread: main][ Class:ServiceRegistryImpl >> Method: tech.mystox.test.zookeeper.ServiceRegistryImpl.<init>(ServiceRegistryImpl.java:27) ]
ERROR:connected to zookeeper
2019-01-16 13:42:53 下午 [Thread: main][ Class:ServiceRegistryImpl >> Method: tech.mystox.test.zookeeper.ServiceRegistryImpl.<init>(ServiceRegistryImpl.java:27) ]
ERROR:connected to zookeeper
2019-01-16 13:42:53 下午 [Thread: main][ Class:ServiceRegistryImpl >> Method: tech.mystox.test.zookeeper.ServiceRegistryImpl.<init>(ServiceRegistryImpl.java:27) ]
ERROR:connected to zookeeper
2019-01-16 13:42:53 下午 [Thread: main][ Class:ServiceRegistryImpl >> Method: tech.mystox.test.zookeeper.ServiceRegistryImpl.<init>(ServiceRegistryImpl.java:27) ]
ERROR:connected to zookeeper
2019-01-16 13:42:53 下午 [Thread: main][ Class:ServiceRegistryImpl >> Method: tech.mystox.test.zookeeper.ServiceRegistryImpl.<init>(ServiceRegistryImpl.java:27) ]
ERROR:connected to zookeeper
2019-01-18 16:05:38 下午 [Thread: IPC Server handler 0 on 8888][ Class:org.apache.hadoop.ipc.Server >> Method: org.apache.hadoop.ipc.WritableRpcEngine$Server$WritableRpcInvoker.call(WritableRpcEngine.java:536) ]
ERROR:Unexpected throwable object 
java.lang.NoSuchMethodException: tech.mystox.test.hadoop.rpc.server.ClientNamenodeProtocol.getMetaData(java.lang.String, int)
	at java.lang.Class.getMethod(Class.java:1786)
	at org.apache.hadoop.ipc.WritableRpcEngine$Server$WritableRpcInvoker.call(WritableRpcEngine.java:514)
	at org.apache.hadoop.ipc.RPC$Server.call(RPC.java:991)
	at org.apache.hadoop.ipc.Server$RpcCall.run(Server.java:872)
	at org.apache.hadoop.ipc.Server$RpcCall.run(Server.java:818)
	at java.security.AccessController.doPrivileged(Native Method)
	at javax.security.auth.Subject.doAs(Subject.java:422)
	at org.apache.hadoop.security.UserGroupInformation.doAs(UserGroupInformation.java:1729)
	at org.apache.hadoop.ipc.Server$Handler.run(Server.java:2678)
