2019-03-11 11:13:54 上午 [Thread: main][ Class:org.apache.zookeeper.ZooKeeper >> Method: org.apache.zookeeper.Environment.logEnv(Environment.java:100) ]
INFO:Client environment:zookeeper.version=3.4.13-2d71af4dbe22557fda74f9a9b4309b15a7487f03, built on 06/29/2018 00:39 GMT
2019-03-11 11:13:54 上午 [Thread: main][ Class:org.apache.zookeeper.ZooKeeper >> Method: org.apache.zookeeper.Environment.logEnv(Environment.java:100) ]
INFO:Client environment:host.name=mystox
2019-03-11 11:13:54 上午 [Thread: main][ Class:org.apache.zookeeper.ZooKeeper >> Method: org.apache.zookeeper.Environment.logEnv(Environment.java:100) ]
INFO:Client environment:java.version=1.8.0_77
2019-03-11 11:13:54 上午 [Thread: main][ Class:org.apache.zookeeper.ZooKeeper >> Method: org.apache.zookeeper.Environment.logEnv(Environment.java:100) ]
INFO:Client environment:java.vendor=Oracle Corporation
2019-03-11 11:13:54 上午 [Thread: main][ Class:org.apache.zookeeper.ZooKeeper >> Method: org.apache.zookeeper.Environment.logEnv(Environment.java:100) ]
INFO:Client environment:java.home=C:\Java\jdk1.8.0_77\jre
2019-03-11 11:13:54 上午 [Thread: main][ Class:org.apache.zookeeper.ZooKeeper >> Method: org.apache.zookeeper.Environment.logEnv(Environment.java:100) ]
INFO:Client environment:java.class.path=C:\Java\jdk1.8.0_77\jre\lib\charsets.jar;C:\Java\jdk1.8.0_77\jre\lib\deploy.jar;C:\Java\jdk1.8.0_77\jre\lib\ext\access-bridge-64.jar;C:\Java\jdk1.8.0_77\jre\lib\ext\cldrdata.jar;C:\Java\jdk1.8.0_77\jre\lib\ext\dnsns.jar;C:\Java\jdk1.8.0_77\jre\lib\ext\jaccess.jar;C:\Java\jdk1.8.0_77\jre\lib\ext\jfxrt.jar;C:\Java\jdk1.8.0_77\jre\lib\ext\localedata.jar;C:\Java\jdk1.8.0_77\jre\lib\ext\nashorn.jar;C:\Java\jdk1.8.0_77\jre\lib\ext\sunec.jar;C:\Java\jdk1.8.0_77\jre\lib\ext\sunjce_provider.jar;C:\Java\jdk1.8.0_77\jre\lib\ext\sunmscapi.jar;C:\Java\jdk1.8.0_77\jre\lib\ext\sunpkcs11.jar;C:\Java\jdk1.8.0_77\jre\lib\ext\zipfs.jar;C:\Java\jdk1.8.0_77\jre\lib\javaws.jar;C:\Java\jdk1.8.0_77\jre\lib\jce.jar;C:\Java\jdk1.8.0_77\jre\lib\jfr.jar;C:\Java\jdk1.8.0_77\jre\lib\jfxswt.jar;C:\Java\jdk1.8.0_77\jre\lib\jsse.jar;C:\Java\jdk1.8.0_77\jre\lib\management-agent.jar;C:\Java\jdk1.8.0_77\jre\lib\plugin.jar;C:\Java\jdk1.8.0_77\jre\lib\resources.jar;C:\Java\jdk1.8.0_77\jre\lib\rt.jar;E:\IdeaProjects\mystox_test_space\maintest\target\classes;E:\m2\repository\org\apache\zookeeper\zookeeper\3.4.13\zookeeper-3.4.13.jar;E:\m2\repository\jline\jline\0.9.94\jline-0.9.94.jar;E:\m2\repository\org\apache\yetus\audience-annotations\0.5.0\audience-annotations-0.5.0.jar;E:\m2\repository\io\netty\netty\3.10.6.Final\netty-3.10.6.Final.jar;E:\IdeaProjects\mystox_test_space\test-core\target\classes;E:\m2\repository\org\apache\hadoop\hadoop-common\3.1.1\hadoop-common-3.1.1.jar;E:\m2\repository\org\apache\hadoop\hadoop-annotations\3.1.1\hadoop-annotations-3.1.1.jar;C:\Java\jdk1.8.0_77\lib\tools.jar;E:\m2\repository\com\google\guava\guava\11.0.2\guava-11.0.2.jar;E:\m2\repository\commons-cli\commons-cli\1.2\commons-cli-1.2.jar;E:\m2\repository\org\apache\commons\commons-math3\3.1.1\commons-math3-3.1.1.jar;E:\m2\repository\org\apache\httpcomponents\httpclient\4.5.2\httpclient-4.5.2.jar;E:\m2\repository\org\apache\httpcomponents\httpcore\4.4.4\httpcore-4.4.4.jar;E:\m2\repository\commons-codec\commons-codec\1.11\commons-codec-1.11.jar;E:\m2\repository\commons-io\commons-io\2.5\commons-io-2.5.jar;E:\m2\repository\commons-net\commons-net\3.6\commons-net-3.6.jar;E:\m2\repository\commons-collections\commons-collections\3.2.2\commons-collections-3.2.2.jar;E:\m2\repository\javax\servlet\javax.servlet-api\3.1.0\javax.servlet-api-3.1.0.jar;E:\m2\repository\org\eclipse\jetty\jetty-server\9.3.19.v20170502\jetty-server-9.3.19.v20170502.jar;E:\m2\repository\org\eclipse\jetty\jetty-http\9.3.19.v20170502\jetty-http-9.3.19.v20170502.jar;E:\m2\repository\org\eclipse\jetty\jetty-io\9.3.19.v20170502\jetty-io-9.3.19.v20170502.jar;E:\m2\repository\org\eclipse\jetty\jetty-util\9.3.19.v20170502\jetty-util-9.3.19.v20170502.jar;E:\m2\repository\org\eclipse\jetty\jetty-servlet\9.3.19.v20170502\jetty-servlet-9.3.19.v20170502.jar;E:\m2\repository\org\eclipse\jetty\jetty-security\9.3.19.v20170502\jetty-security-9.3.19.v20170502.jar;E:\m2\repository\org\eclipse\jetty\jetty-webapp\9.3.19.v20170502\jetty-webapp-9.3.19.v20170502.jar;E:\m2\repository\org\eclipse\jetty\jetty-xml\9.3.19.v20170502\jetty-xml-9.3.19.v20170502.jar;E:\m2\repository\javax\servlet\jsp\jsp-api\2.1\jsp-api-2.1.jar;E:\m2\repository\com\sun\jersey\jersey-core\1.19\jersey-core-1.19.jar;E:\m2\repository\javax\ws\rs\jsr311-api\1.1.1\jsr311-api-1.1.1.jar;E:\m2\repository\com\sun\jersey\jersey-servlet\1.19\jersey-servlet-1.19.jar;E:\m2\repository\com\sun\jersey\jersey-json\1.19\jersey-json-1.19.jar;E:\m2\repository\org\codehaus\jettison\jettison\1.1\jettison-1.1.jar;E:\m2\repository\com\sun\xml\bind\jaxb-impl\2.2.3-1\jaxb-impl-2.2.3-1.jar;E:\m2\repository\javax\xml\bind\jaxb-api\2.2.2\jaxb-api-2.2.2.jar;E:\m2\repository\javax\xml\stream\stax-api\1.0-2\stax-api-1.0-2.jar;E:\m2\repository\javax\activation\activation\1.1\activation-1.1.jar;E:\m2\repository\org\codehaus\jackson\jackson-core-asl\1.9.2\jackson-core-asl-1.9.2.jar;E:\m2\repository\org\codehaus\jackson\jackson-mapper-asl\1.9.2\jackson-mapper-asl-1.9.2.jar;E:\m2\repository\org\codehaus\jackson\jackson-jaxrs\1.9.2\jackson-jaxrs-1.9.2.jar;E:\m2\repository\org\codehaus\jackson\jackson-xc\1.9.2\jackson-xc-1.9.2.jar;E:\m2\repository\com\sun\jersey\jersey-server\1.19\jersey-server-1.19.jar;E:\m2\repository\commons-logging\commons-logging\1.1.3\commons-logging-1.1.3.jar;E:\m2\repository\commons-lang\commons-lang\2.6\commons-lang-2.6.jar;E:\m2\repository\commons-beanutils\commons-beanutils\1.9.3\commons-beanutils-1.9.3.jar;E:\m2\repository\org\apache\commons\commons-configuration2\2.1.1\commons-configuration2-2.1.1.jar;E:\m2\repository\org\apache\commons\commons-lang3\3.4\commons-lang3-3.4.jar;E:\m2\repository\org\apache\avro\avro\1.7.7\avro-1.7.7.jar;E:\m2\repository\com\thoughtworks\paranamer\paranamer\2.3\paranamer-2.3.jar;E:\m2\repository\org\xerial\snappy\snappy-java\1.0.5\snappy-java-1.0.5.jar;E:\m2\repository\com\google\re2j\re2j\1.1\re2j-1.1.jar;E:\m2\repository\com\google\protobuf\protobuf-java\2.5.0\protobuf-java-2.5.0.jar;E:\m2\repository\com\google\code\gson\gson\2.2.4\gson-2.2.4.jar;E:\m2\repository\org\apache\hadoop\hadoop-auth\3.1.1\hadoop-auth-3.1.1.jar;E:\m2\repository\com\nimbusds\nimbus-jose-jwt\4.41.1\nimbus-jose-jwt-4.41.1.jar;E:\m2\repository\com\github\stephenc\jcip\jcip-annotations\1.0-1\jcip-annotations-1.0-1.jar;E:\m2\repository\net\minidev\json-smart\2.3\json-smart-2.3.jar;E:\m2\repository\net\minidev\accessors-smart\1.2\accessors-smart-1.2.jar;E:\m2\repository\org\ow2\asm\asm\5.0.4\asm-5.0.4.jar;E:\m2\repository\org\apache\curator\curator-framework\2.12.0\curator-framework-2.12.0.jar;E:\m2\repository\com\jcraft\jsch\0.1.54\jsch-0.1.54.jar;E:\m2\repository\org\apache\curator\curator-client\2.12.0\curator-client-2.12.0.jar;E:\m2\repository\org\apache\curator\curator-recipes\2.12.0\curator-recipes-2.12.0.jar;E:\m2\repository\com\google\code\findbugs\jsr305\3.0.0\jsr305-3.0.0.jar;E:\m2\repository\org\apache\htrace\htrace-core4\4.1.0-incubating\htrace-core4-4.1.0-incubating.jar;E:\m2\repository\org\apache\commons\commons-compress\1.4.1\commons-compress-1.4.1.jar;E:\m2\repository\org\tukaani\xz\1.0\xz-1.0.jar;E:\m2\repository\org\apache\kerby\kerb-simplekdc\1.0.1\kerb-simplekdc-1.0.1.jar;E:\m2\repository\org\apache\kerby\kerb-client\1.0.1\kerb-client-1.0.1.jar;E:\m2\repository\org\apache\kerby\kerby-config\1.0.1\kerby-config-1.0.1.jar;E:\m2\repository\org\apache\kerby\kerb-core\1.0.1\kerb-core-1.0.1.jar;E:\m2\repository\org\apache\kerby\kerby-pkix\1.0.1\kerby-pkix-1.0.1.jar;E:\m2\repository\org\apache\kerby\kerby-asn1\1.0.1\kerby-asn1-1.0.1.jar;E:\m2\repository\org\apache\kerby\kerby-util\1.0.1\kerby-util-1.0.1.jar;E:\m2\repository\org\apache\kerby\kerb-common\1.0.1\kerb-common-1.0.1.jar;E:\m2\repository\org\apache\kerby\kerb-crypto\1.0.1\kerb-crypto-1.0.1.jar;E:\m2\repository\org\apache\kerby\kerb-util\1.0.1\kerb-util-1.0.1.jar;E:\m2\repository\org\apache\kerby\token-provider\1.0.1\token-provider-1.0.1.jar;E:\m2\repository\org\apache\kerby\kerb-admin\1.0.1\kerb-admin-1.0.1.jar;E:\m2\repository\org\apache\kerby\kerb-server\1.0.1\kerb-server-1.0.1.jar;E:\m2\repository\org\apache\kerby\kerb-identity\1.0.1\kerb-identity-1.0.1.jar;E:\m2\repository\org\apache\kerby\kerby-xdr\1.0.1\kerby-xdr-1.0.1.jar;E:\m2\repository\com\fasterxml\jackson\core\jackson-databind\2.7.8\jackson-databind-2.7.8.jar;E:\m2\repository\com\fasterxml\jackson\core\jackson-annotations\2.7.0\jackson-annotations-2.7.0.jar;E:\m2\repository\com\fasterxml\jackson\core\jackson-core\2.7.8\jackson-core-2.7.8.jar;E:\m2\repository\org\codehaus\woodstox\stax2-api\3.1.4\stax2-api-3.1.4.jar;E:\m2\repository\com\fasterxml\woodstox\woodstox-core\5.0.3\woodstox-core-5.0.3.jar;E:\m2\repository\org\slf4j\slf4j-api\1.7.12\slf4j-api-1.7.12.jar;E:\m2\repository\org\slf4j\jcl-over-slf4j\1.7.12\jcl-over-slf4j-1.7.12.jar;E:\m2\repository\org\slf4j\slf4j-log4j12\1.7.12\slf4j-log4j12-1.7.12.jar;E:\m2\repository\log4j\log4j\1.2.16\log4j-1.2.16.jar;E:\JetBrains\IntelliJ IDEA 2016.3.5\lib\idea_rt.jar
2019-03-11 11:13:54 上午 [Thread: main][ Class:org.apache.zookeeper.ZooKeeper >> Method: org.apache.zookeeper.Environment.logEnv(Environment.java:100) ]
INFO:Client environment:java.library.path=C:\Java\jdk1.8.0_77\bin;C:\WINDOWS\Sun\Java\bin;C:\WINDOWS\system32;C:\WINDOWS;C:\ProgramData\Oracle\Java\javapath;h:\app\mystoxOrcl\product\12.1.0\dbhome_1\bin;h:\app\mystox\product\12.1.0\dbhome_1\bin;C:\WINDOWS\system32;C:\WINDOWS;C:\WINDOWS\System32\Wbem;C:\WINDOWS\System32\WindowsPowerShell\v1.0\;C:\Java\jdk1.8.0_77\bin;C:\Java\jdk1.8.0_77\jre\bin;C:\Program Files (x86)\cvsnt;C:\Program Files (x86)\NVIDIA Corporation\PhysX\Common;C:\WINDOWS\system32;C:\WINDOWS;C:\WINDOWS\System32\Wbem;C:\WINDOWS\System32\WindowsPowerShell\v1.0\;C:\Program Files\Common Files\Autodesk Shared\;%localappdata%\Microsoft\WindowsApps;h:\Program Files (x86)\IDM Computer Solutions\UltraEdit;H:\Rational\;H:\Rational\common;C:\Program Files (x86)\MySQL\MySQL Server 5.0\bin;H:\Program Files\nodejs\;h:\Program Files\IDM Computer Solutions\UltraEdit;C:\ApacheSoftware\apache-maven-3.3.9\bin;E:\MongoDB\Server\3.4\bin;C:\Program Files\Intel\WiFi\bin\;C:\Program Files\Common Files\Intel\WirelessCommon\;E:\PuTTY\;E:\spring-1.3.0.RELEASE\bin;C:\WINDOWS\System32\OpenSSH\;E:\Redis\;E:\TortoiseGit\bin;C:\Program Files\Git\cmd;E:\TortoiseSVN\bin;"H:\apache-tomcat-8.0.36\lib;H:\apache-tomcat-8.0.36\bin";;e:\Microsoft VS Code\bin;C:\Users\mystoxlol\AppData\Local\Microsoft\WindowsApps;C:\Users\mystoxlol\AppData\Roaming\npm;e:\Docker Toolbox;C:\Program Files\Intel\WiFi\bin\;C:\Program Files\Common Files\Intel\WirelessCommon\;e:\Microsoft VS Code\bin;;.
2019-03-11 11:13:54 上午 [Thread: main][ Class:org.apache.zookeeper.ZooKeeper >> Method: org.apache.zookeeper.Environment.logEnv(Environment.java:100) ]
INFO:Client environment:java.io.tmpdir=C:\Users\MYSTOX~2\AppData\Local\Temp\
2019-03-11 11:13:54 上午 [Thread: main][ Class:org.apache.zookeeper.ZooKeeper >> Method: org.apache.zookeeper.Environment.logEnv(Environment.java:100) ]
INFO:Client environment:java.compiler=<NA>
2019-03-11 11:13:54 上午 [Thread: main][ Class:org.apache.zookeeper.ZooKeeper >> Method: org.apache.zookeeper.Environment.logEnv(Environment.java:100) ]
INFO:Client environment:os.name=Windows 10
2019-03-11 11:13:54 上午 [Thread: main][ Class:org.apache.zookeeper.ZooKeeper >> Method: org.apache.zookeeper.Environment.logEnv(Environment.java:100) ]
INFO:Client environment:os.arch=amd64
2019-03-11 11:13:54 上午 [Thread: main][ Class:org.apache.zookeeper.ZooKeeper >> Method: org.apache.zookeeper.Environment.logEnv(Environment.java:100) ]
INFO:Client environment:os.version=10.0
2019-03-11 11:13:54 上午 [Thread: main][ Class:org.apache.zookeeper.ZooKeeper >> Method: org.apache.zookeeper.Environment.logEnv(Environment.java:100) ]
INFO:Client environment:user.name=mystoxlol
2019-03-11 11:13:54 上午 [Thread: main][ Class:org.apache.zookeeper.ZooKeeper >> Method: org.apache.zookeeper.Environment.logEnv(Environment.java:100) ]
INFO:Client environment:user.home=C:\Users\mystoxlol
2019-03-11 11:13:54 上午 [Thread: main][ Class:org.apache.zookeeper.ZooKeeper >> Method: org.apache.zookeeper.Environment.logEnv(Environment.java:100) ]
INFO:Client environment:user.dir=E:\IdeaProjects\mystox_test_space
2019-03-11 11:13:54 上午 [Thread: main][ Class:org.apache.zookeeper.ZooKeeper >> Method: org.apache.zookeeper.ZooKeeper.<init>(ZooKeeper.java:442) ]
INFO:Initiating client connection, connectString=172.16.5.26:2181,172.16.5.26:2182,172.16.5.26:2183 sessionTimeout=150 watcher=tech.mystox.test.zookeeper.ServiceRegistryImpl@2401f4c3
2019-03-11 11:13:54 上午 [Thread: main-SendThread(nginx.mystox.com:2181)][ Class:org.apache.zookeeper.ClientCnxn >> Method: org.apache.zookeeper.ClientCnxn$SendThread.logStartConnect(ClientCnxn.java:1029) ]
INFO:Opening socket connection to server nginx.mystox.com/172.16.5.26:2181. Will not attempt to authenticate using SASL (unknown error)
2019-03-11 11:13:54 上午 [Thread: main-SendThread(nginx.mystox.com:2181)][ Class:org.apache.zookeeper.ClientCnxn >> Method: org.apache.zookeeper.ClientCnxn$SendThread.run(ClientCnxn.java:1112) ]
WARN:Client session timed out, have not heard from server in 62ms for sessionid 0x0
2019-03-11 11:13:54 上午 [Thread: main-SendThread(nginx.mystox.com:2181)][ Class:org.apache.zookeeper.ClientCnxn >> Method: org.apache.zookeeper.ClientCnxn$SendThread.run(ClientCnxn.java:1160) ]
INFO:Client session timed out, have not heard from server in 62ms for sessionid 0x0, closing socket connection and attempting reconnect
2019-03-11 11:13:54 上午 [Thread: main-SendThread(nginx.mystox.com:2183)][ Class:org.apache.zookeeper.ClientCnxn >> Method: org.apache.zookeeper.ClientCnxn$SendThread.logStartConnect(ClientCnxn.java:1029) ]
INFO:Opening socket connection to server nginx.mystox.com/172.16.5.26:2183. Will not attempt to authenticate using SASL (unknown error)
2019-03-11 11:13:54 上午 [Thread: main-SendThread(nginx.mystox.com:2183)][ Class:org.apache.zookeeper.ClientCnxn >> Method: org.apache.zookeeper.ClientCnxn$SendThread.primeConnection(ClientCnxn.java:879) ]
INFO:Socket connection established to nginx.mystox.com/172.16.5.26:2183, initiating session
2019-03-11 11:13:54 上午 [Thread: main-SendThread(nginx.mystox.com:2183)][ Class:org.apache.zookeeper.ClientCnxn >> Method: org.apache.zookeeper.ClientCnxn$SendThread.run(ClientCnxn.java:1112) ]
WARN:Client session timed out, have not heard from server in 53ms for sessionid 0x0
2019-03-11 11:13:54 上午 [Thread: main-SendThread(nginx.mystox.com:2183)][ Class:org.apache.zookeeper.ClientCnxn >> Method: org.apache.zookeeper.ClientCnxn$SendThread.run(ClientCnxn.java:1160) ]
INFO:Client session timed out, have not heard from server in 53ms for sessionid 0x0, closing socket connection and attempting reconnect
2019-03-11 11:13:55 上午 [Thread: main-SendThread(nginx.mystox.com:2182)][ Class:org.apache.zookeeper.ClientCnxn >> Method: org.apache.zookeeper.ClientCnxn$SendThread.logStartConnect(ClientCnxn.java:1029) ]
INFO:Opening socket connection to server nginx.mystox.com/172.16.5.26:2182. Will not attempt to authenticate using SASL (unknown error)
2019-03-11 11:13:55 上午 [Thread: main-SendThread(nginx.mystox.com:2182)][ Class:org.apache.zookeeper.ClientCnxn >> Method: org.apache.zookeeper.ClientCnxn$SendThread.run(ClientCnxn.java:1112) ]
WARN:Client session timed out, have not heard from server in 391ms for sessionid 0x0
2019-03-11 11:13:55 上午 [Thread: main-SendThread(nginx.mystox.com:2182)][ Class:org.apache.zookeeper.ClientCnxn >> Method: org.apache.zookeeper.ClientCnxn$SendThread.run(ClientCnxn.java:1160) ]
INFO:Client session timed out, have not heard from server in 391ms for sessionid 0x0, closing socket connection and attempting reconnect
2019-03-11 11:13:56 上午 [Thread: main-SendThread(nginx.mystox.com:2181)][ Class:org.apache.zookeeper.ClientCnxn >> Method: org.apache.zookeeper.ClientCnxn$SendThread.logStartConnect(ClientCnxn.java:1029) ]
INFO:Opening socket connection to server nginx.mystox.com/172.16.5.26:2181. Will not attempt to authenticate using SASL (unknown error)
2019-03-11 11:13:56 上午 [Thread: main-SendThread(nginx.mystox.com:2181)][ Class:org.apache.zookeeper.ClientCnxn >> Method: org.apache.zookeeper.ClientCnxn$SendThread.primeConnection(ClientCnxn.java:879) ]
INFO:Socket connection established to nginx.mystox.com/172.16.5.26:2181, initiating session
2019-03-11 11:13:56 上午 [Thread: main-SendThread(nginx.mystox.com:2181)][ Class:org.apache.zookeeper.ClientCnxn >> Method: org.apache.zookeeper.ClientCnxn$SendThread.run(ClientCnxn.java:1112) ]
WARN:Client session timed out, have not heard from server in 51ms for sessionid 0x0
2019-03-11 11:13:56 上午 [Thread: main-SendThread(nginx.mystox.com:2181)][ Class:org.apache.zookeeper.ClientCnxn >> Method: org.apache.zookeeper.ClientCnxn$SendThread.run(ClientCnxn.java:1160) ]
INFO:Client session timed out, have not heard from server in 51ms for sessionid 0x0, closing socket connection and attempting reconnect
2019-03-11 11:13:57 上午 [Thread: main-SendThread(nginx.mystox.com:2183)][ Class:org.apache.zookeeper.ClientCnxn >> Method: org.apache.zookeeper.ClientCnxn$SendThread.logStartConnect(ClientCnxn.java:1029) ]
INFO:Opening socket connection to server nginx.mystox.com/172.16.5.26:2183. Will not attempt to authenticate using SASL (unknown error)
2019-03-11 11:13:57 上午 [Thread: main-SendThread(nginx.mystox.com:2183)][ Class:org.apache.zookeeper.ClientCnxn >> Method: org.apache.zookeeper.ClientCnxn$SendThread.primeConnection(ClientCnxn.java:879) ]
INFO:Socket connection established to nginx.mystox.com/172.16.5.26:2183, initiating session
2019-03-11 11:13:57 上午 [Thread: main-SendThread(nginx.mystox.com:2183)][ Class:org.apache.zookeeper.ClientCnxn >> Method: org.apache.zookeeper.ClientCnxn$SendThread.run(ClientCnxn.java:1112) ]
WARN:Client session timed out, have not heard from server in 51ms for sessionid 0x0
2019-03-11 11:13:57 上午 [Thread: main-SendThread(nginx.mystox.com:2183)][ Class:org.apache.zookeeper.ClientCnxn >> Method: org.apache.zookeeper.ClientCnxn$SendThread.run(ClientCnxn.java:1160) ]
INFO:Client session timed out, have not heard from server in 51ms for sessionid 0x0, closing socket connection and attempting reconnect
2019-03-11 11:13:58 上午 [Thread: main-SendThread(nginx.mystox.com:2182)][ Class:org.apache.zookeeper.ClientCnxn >> Method: org.apache.zookeeper.ClientCnxn$SendThread.logStartConnect(ClientCnxn.java:1029) ]
INFO:Opening socket connection to server nginx.mystox.com/172.16.5.26:2182. Will not attempt to authenticate using SASL (unknown error)
2019-03-11 11:13:58 上午 [Thread: main-SendThread(nginx.mystox.com:2182)][ Class:org.apache.zookeeper.ClientCnxn >> Method: org.apache.zookeeper.ClientCnxn$SendThread.primeConnection(ClientCnxn.java:879) ]
INFO:Socket connection established to nginx.mystox.com/172.16.5.26:2182, initiating session
2019-03-11 11:13:58 上午 [Thread: main-SendThread(nginx.mystox.com:2182)][ Class:org.apache.zookeeper.ClientCnxn >> Method: org.apache.zookeeper.ClientCnxn$SendThread.run(ClientCnxn.java:1112) ]
WARN:Client session timed out, have not heard from server in 50ms for sessionid 0x0
2019-03-11 11:13:58 上午 [Thread: main-SendThread(nginx.mystox.com:2182)][ Class:org.apache.zookeeper.ClientCnxn >> Method: org.apache.zookeeper.ClientCnxn$SendThread.run(ClientCnxn.java:1160) ]
INFO:Client session timed out, have not heard from server in 50ms for sessionid 0x0, closing socket connection and attempting reconnect
2019-03-11 11:13:59 上午 [Thread: main-SendThread(nginx.mystox.com:2181)][ Class:org.apache.zookeeper.ClientCnxn >> Method: org.apache.zookeeper.ClientCnxn$SendThread.logStartConnect(ClientCnxn.java:1029) ]
INFO:Opening socket connection to server nginx.mystox.com/172.16.5.26:2181. Will not attempt to authenticate using SASL (unknown error)
2019-03-11 11:13:59 上午 [Thread: main-SendThread(nginx.mystox.com:2181)][ Class:org.apache.zookeeper.ClientCnxn >> Method: org.apache.zookeeper.ClientCnxn$SendThread.primeConnection(ClientCnxn.java:879) ]
INFO:Socket connection established to nginx.mystox.com/172.16.5.26:2181, initiating session
2019-03-11 11:13:59 上午 [Thread: main-SendThread(nginx.mystox.com:2181)][ Class:org.apache.zookeeper.ClientCnxn >> Method: org.apache.zookeeper.ClientCnxn$SendThread.onConnected(ClientCnxn.java:1303) ]
INFO:Session establishment complete on server nginx.mystox.com/172.16.5.26:2181, sessionid = 0x4440fd3f005b, negotiated timeout = 4000
2019-03-11 11:13:59 上午 [Thread: main][ Class:ServiceRegistryImpl >> Method: tech.mystox.test.zookeeper.ServiceRegistryImpl.<init>(ServiceRegistryImpl.java:29) ]
INFO:connected to zookeeper
2019-03-11 11:13:59 上午 [Thread: main][ Class:org.apache.zookeeper.ZooKeeper >> Method: org.apache.zookeeper.ZooKeeper.close(ZooKeeper.java:693) ]
INFO:Session: 0x4440fd3f005b closed
2019-03-11 11:15:08 上午 [Thread: main][ Class:org.apache.zookeeper.ZooKeeper >> Method: org.apache.zookeeper.Environment.logEnv(Environment.java:100) ]
INFO:Client environment:zookeeper.version=3.4.13-2d71af4dbe22557fda74f9a9b4309b15a7487f03, built on 06/29/2018 00:39 GMT
2019-03-11 11:15:08 上午 [Thread: main][ Class:org.apache.zookeeper.ZooKeeper >> Method: org.apache.zookeeper.Environment.logEnv(Environment.java:100) ]
INFO:Client environment:host.name=mystox
2019-03-11 11:15:08 上午 [Thread: main][ Class:org.apache.zookeeper.ZooKeeper >> Method: org.apache.zookeeper.Environment.logEnv(Environment.java:100) ]
INFO:Client environment:java.version=1.8.0_77
2019-03-11 11:15:08 上午 [Thread: main][ Class:org.apache.zookeeper.ZooKeeper >> Method: org.apache.zookeeper.Environment.logEnv(Environment.java:100) ]
INFO:Client environment:java.vendor=Oracle Corporation
2019-03-11 11:15:08 上午 [Thread: main][ Class:org.apache.zookeeper.ZooKeeper >> Method: org.apache.zookeeper.Environment.logEnv(Environment.java:100) ]
INFO:Client environment:java.home=C:\Java\jdk1.8.0_77\jre
2019-03-11 11:15:08 上午 [Thread: main][ Class:org.apache.zookeeper.ZooKeeper >> Method: org.apache.zookeeper.Environment.logEnv(Environment.java:100) ]
INFO:Client environment:java.class.path=C:\Java\jdk1.8.0_77\jre\lib\charsets.jar;C:\Java\jdk1.8.0_77\jre\lib\deploy.jar;C:\Java\jdk1.8.0_77\jre\lib\ext\access-bridge-64.jar;C:\Java\jdk1.8.0_77\jre\lib\ext\cldrdata.jar;C:\Java\jdk1.8.0_77\jre\lib\ext\dnsns.jar;C:\Java\jdk1.8.0_77\jre\lib\ext\jaccess.jar;C:\Java\jdk1.8.0_77\jre\lib\ext\jfxrt.jar;C:\Java\jdk1.8.0_77\jre\lib\ext\localedata.jar;C:\Java\jdk1.8.0_77\jre\lib\ext\nashorn.jar;C:\Java\jdk1.8.0_77\jre\lib\ext\sunec.jar;C:\Java\jdk1.8.0_77\jre\lib\ext\sunjce_provider.jar;C:\Java\jdk1.8.0_77\jre\lib\ext\sunmscapi.jar;C:\Java\jdk1.8.0_77\jre\lib\ext\sunpkcs11.jar;C:\Java\jdk1.8.0_77\jre\lib\ext\zipfs.jar;C:\Java\jdk1.8.0_77\jre\lib\javaws.jar;C:\Java\jdk1.8.0_77\jre\lib\jce.jar;C:\Java\jdk1.8.0_77\jre\lib\jfr.jar;C:\Java\jdk1.8.0_77\jre\lib\jfxswt.jar;C:\Java\jdk1.8.0_77\jre\lib\jsse.jar;C:\Java\jdk1.8.0_77\jre\lib\management-agent.jar;C:\Java\jdk1.8.0_77\jre\lib\plugin.jar;C:\Java\jdk1.8.0_77\jre\lib\resources.jar;C:\Java\jdk1.8.0_77\jre\lib\rt.jar;E:\IdeaProjects\mystox_test_space\maintest\target\classes;E:\m2\repository\org\apache\zookeeper\zookeeper\3.4.13\zookeeper-3.4.13.jar;E:\m2\repository\jline\jline\0.9.94\jline-0.9.94.jar;E:\m2\repository\org\apache\yetus\audience-annotations\0.5.0\audience-annotations-0.5.0.jar;E:\m2\repository\io\netty\netty\3.10.6.Final\netty-3.10.6.Final.jar;E:\IdeaProjects\mystox_test_space\test-core\target\classes;E:\m2\repository\org\apache\hadoop\hadoop-common\3.1.1\hadoop-common-3.1.1.jar;E:\m2\repository\org\apache\hadoop\hadoop-annotations\3.1.1\hadoop-annotations-3.1.1.jar;C:\Java\jdk1.8.0_77\lib\tools.jar;E:\m2\repository\com\google\guava\guava\11.0.2\guava-11.0.2.jar;E:\m2\repository\commons-cli\commons-cli\1.2\commons-cli-1.2.jar;E:\m2\repository\org\apache\commons\commons-math3\3.1.1\commons-math3-3.1.1.jar;E:\m2\repository\org\apache\httpcomponents\httpclient\4.5.2\httpclient-4.5.2.jar;E:\m2\repository\org\apache\httpcomponents\httpcore\4.4.4\httpcore-4.4.4.jar;E:\m2\repository\commons-codec\commons-codec\1.11\commons-codec-1.11.jar;E:\m2\repository\commons-io\commons-io\2.5\commons-io-2.5.jar;E:\m2\repository\commons-net\commons-net\3.6\commons-net-3.6.jar;E:\m2\repository\commons-collections\commons-collections\3.2.2\commons-collections-3.2.2.jar;E:\m2\repository\javax\servlet\javax.servlet-api\3.1.0\javax.servlet-api-3.1.0.jar;E:\m2\repository\org\eclipse\jetty\jetty-server\9.3.19.v20170502\jetty-server-9.3.19.v20170502.jar;E:\m2\repository\org\eclipse\jetty\jetty-http\9.3.19.v20170502\jetty-http-9.3.19.v20170502.jar;E:\m2\repository\org\eclipse\jetty\jetty-io\9.3.19.v20170502\jetty-io-9.3.19.v20170502.jar;E:\m2\repository\org\eclipse\jetty\jetty-util\9.3.19.v20170502\jetty-util-9.3.19.v20170502.jar;E:\m2\repository\org\eclipse\jetty\jetty-servlet\9.3.19.v20170502\jetty-servlet-9.3.19.v20170502.jar;E:\m2\repository\org\eclipse\jetty\jetty-security\9.3.19.v20170502\jetty-security-9.3.19.v20170502.jar;E:\m2\repository\org\eclipse\jetty\jetty-webapp\9.3.19.v20170502\jetty-webapp-9.3.19.v20170502.jar;E:\m2\repository\org\eclipse\jetty\jetty-xml\9.3.19.v20170502\jetty-xml-9.3.19.v20170502.jar;E:\m2\repository\javax\servlet\jsp\jsp-api\2.1\jsp-api-2.1.jar;E:\m2\repository\com\sun\jersey\jersey-core\1.19\jersey-core-1.19.jar;E:\m2\repository\javax\ws\rs\jsr311-api\1.1.1\jsr311-api-1.1.1.jar;E:\m2\repository\com\sun\jersey\jersey-servlet\1.19\jersey-servlet-1.19.jar;E:\m2\repository\com\sun\jersey\jersey-json\1.19\jersey-json-1.19.jar;E:\m2\repository\org\codehaus\jettison\jettison\1.1\jettison-1.1.jar;E:\m2\repository\com\sun\xml\bind\jaxb-impl\2.2.3-1\jaxb-impl-2.2.3-1.jar;E:\m2\repository\javax\xml\bind\jaxb-api\2.2.2\jaxb-api-2.2.2.jar;E:\m2\repository\javax\xml\stream\stax-api\1.0-2\stax-api-1.0-2.jar;E:\m2\repository\javax\activation\activation\1.1\activation-1.1.jar;E:\m2\repository\org\codehaus\jackson\jackson-core-asl\1.9.2\jackson-core-asl-1.9.2.jar;E:\m2\repository\org\codehaus\jackson\jackson-mapper-asl\1.9.2\jackson-mapper-asl-1.9.2.jar;E:\m2\repository\org\codehaus\jackson\jackson-jaxrs\1.9.2\jackson-jaxrs-1.9.2.jar;E:\m2\repository\org\codehaus\jackson\jackson-xc\1.9.2\jackson-xc-1.9.2.jar;E:\m2\repository\com\sun\jersey\jersey-server\1.19\jersey-server-1.19.jar;E:\m2\repository\commons-logging\commons-logging\1.1.3\commons-logging-1.1.3.jar;E:\m2\repository\commons-lang\commons-lang\2.6\commons-lang-2.6.jar;E:\m2\repository\commons-beanutils\commons-beanutils\1.9.3\commons-beanutils-1.9.3.jar;E:\m2\repository\org\apache\commons\commons-configuration2\2.1.1\commons-configuration2-2.1.1.jar;E:\m2\repository\org\apache\commons\commons-lang3\3.4\commons-lang3-3.4.jar;E:\m2\repository\org\apache\avro\avro\1.7.7\avro-1.7.7.jar;E:\m2\repository\com\thoughtworks\paranamer\paranamer\2.3\paranamer-2.3.jar;E:\m2\repository\org\xerial\snappy\snappy-java\1.0.5\snappy-java-1.0.5.jar;E:\m2\repository\com\google\re2j\re2j\1.1\re2j-1.1.jar;E:\m2\repository\com\google\protobuf\protobuf-java\2.5.0\protobuf-java-2.5.0.jar;E:\m2\repository\com\google\code\gson\gson\2.2.4\gson-2.2.4.jar;E:\m2\repository\org\apache\hadoop\hadoop-auth\3.1.1\hadoop-auth-3.1.1.jar;E:\m2\repository\com\nimbusds\nimbus-jose-jwt\4.41.1\nimbus-jose-jwt-4.41.1.jar;E:\m2\repository\com\github\stephenc\jcip\jcip-annotations\1.0-1\jcip-annotations-1.0-1.jar;E:\m2\repository\net\minidev\json-smart\2.3\json-smart-2.3.jar;E:\m2\repository\net\minidev\accessors-smart\1.2\accessors-smart-1.2.jar;E:\m2\repository\org\ow2\asm\asm\5.0.4\asm-5.0.4.jar;E:\m2\repository\org\apache\curator\curator-framework\2.12.0\curator-framework-2.12.0.jar;E:\m2\repository\com\jcraft\jsch\0.1.54\jsch-0.1.54.jar;E:\m2\repository\org\apache\curator\curator-client\2.12.0\curator-client-2.12.0.jar;E:\m2\repository\org\apache\curator\curator-recipes\2.12.0\curator-recipes-2.12.0.jar;E:\m2\repository\com\google\code\findbugs\jsr305\3.0.0\jsr305-3.0.0.jar;E:\m2\repository\org\apache\htrace\htrace-core4\4.1.0-incubating\htrace-core4-4.1.0-incubating.jar;E:\m2\repository\org\apache\commons\commons-compress\1.4.1\commons-compress-1.4.1.jar;E:\m2\repository\org\tukaani\xz\1.0\xz-1.0.jar;E:\m2\repository\org\apache\kerby\kerb-simplekdc\1.0.1\kerb-simplekdc-1.0.1.jar;E:\m2\repository\org\apache\kerby\kerb-client\1.0.1\kerb-client-1.0.1.jar;E:\m2\repository\org\apache\kerby\kerby-config\1.0.1\kerby-config-1.0.1.jar;E:\m2\repository\org\apache\kerby\kerb-core\1.0.1\kerb-core-1.0.1.jar;E:\m2\repository\org\apache\kerby\kerby-pkix\1.0.1\kerby-pkix-1.0.1.jar;E:\m2\repository\org\apache\kerby\kerby-asn1\1.0.1\kerby-asn1-1.0.1.jar;E:\m2\repository\org\apache\kerby\kerby-util\1.0.1\kerby-util-1.0.1.jar;E:\m2\repository\org\apache\kerby\kerb-common\1.0.1\kerb-common-1.0.1.jar;E:\m2\repository\org\apache\kerby\kerb-crypto\1.0.1\kerb-crypto-1.0.1.jar;E:\m2\repository\org\apache\kerby\kerb-util\1.0.1\kerb-util-1.0.1.jar;E:\m2\repository\org\apache\kerby\token-provider\1.0.1\token-provider-1.0.1.jar;E:\m2\repository\org\apache\kerby\kerb-admin\1.0.1\kerb-admin-1.0.1.jar;E:\m2\repository\org\apache\kerby\kerb-server\1.0.1\kerb-server-1.0.1.jar;E:\m2\repository\org\apache\kerby\kerb-identity\1.0.1\kerb-identity-1.0.1.jar;E:\m2\repository\org\apache\kerby\kerby-xdr\1.0.1\kerby-xdr-1.0.1.jar;E:\m2\repository\com\fasterxml\jackson\core\jackson-databind\2.7.8\jackson-databind-2.7.8.jar;E:\m2\repository\com\fasterxml\jackson\core\jackson-annotations\2.7.0\jackson-annotations-2.7.0.jar;E:\m2\repository\com\fasterxml\jackson\core\jackson-core\2.7.8\jackson-core-2.7.8.jar;E:\m2\repository\org\codehaus\woodstox\stax2-api\3.1.4\stax2-api-3.1.4.jar;E:\m2\repository\com\fasterxml\woodstox\woodstox-core\5.0.3\woodstox-core-5.0.3.jar;E:\m2\repository\org\slf4j\slf4j-api\1.7.12\slf4j-api-1.7.12.jar;E:\m2\repository\org\slf4j\jcl-over-slf4j\1.7.12\jcl-over-slf4j-1.7.12.jar;E:\m2\repository\org\slf4j\slf4j-log4j12\1.7.12\slf4j-log4j12-1.7.12.jar;E:\m2\repository\log4j\log4j\1.2.16\log4j-1.2.16.jar;E:\JetBrains\IntelliJ IDEA 2016.3.5\lib\idea_rt.jar
2019-03-11 11:15:08 上午 [Thread: main][ Class:org.apache.zookeeper.ZooKeeper >> Method: org.apache.zookeeper.Environment.logEnv(Environment.java:100) ]
INFO:Client environment:java.library.path=C:\Java\jdk1.8.0_77\bin;C:\WINDOWS\Sun\Java\bin;C:\WINDOWS\system32;C:\WINDOWS;C:\ProgramData\Oracle\Java\javapath;h:\app\mystoxOrcl\product\12.1.0\dbhome_1\bin;h:\app\mystox\product\12.1.0\dbhome_1\bin;C:\WINDOWS\system32;C:\WINDOWS;C:\WINDOWS\System32\Wbem;C:\WINDOWS\System32\WindowsPowerShell\v1.0\;C:\Java\jdk1.8.0_77\bin;C:\Java\jdk1.8.0_77\jre\bin;C:\Program Files (x86)\cvsnt;C:\Program Files (x86)\NVIDIA Corporation\PhysX\Common;C:\WINDOWS\system32;C:\WINDOWS;C:\WINDOWS\System32\Wbem;C:\WINDOWS\System32\WindowsPowerShell\v1.0\;C:\Program Files\Common Files\Autodesk Shared\;%localappdata%\Microsoft\WindowsApps;h:\Program Files (x86)\IDM Computer Solutions\UltraEdit;H:\Rational\;H:\Rational\common;C:\Program Files (x86)\MySQL\MySQL Server 5.0\bin;H:\Program Files\nodejs\;h:\Program Files\IDM Computer Solutions\UltraEdit;C:\ApacheSoftware\apache-maven-3.3.9\bin;E:\MongoDB\Server\3.4\bin;C:\Program Files\Intel\WiFi\bin\;C:\Program Files\Common Files\Intel\WirelessCommon\;E:\PuTTY\;E:\spring-1.3.0.RELEASE\bin;C:\WINDOWS\System32\OpenSSH\;E:\Redis\;E:\TortoiseGit\bin;C:\Program Files\Git\cmd;E:\TortoiseSVN\bin;"H:\apache-tomcat-8.0.36\lib;H:\apache-tomcat-8.0.36\bin";;e:\Microsoft VS Code\bin;C:\Users\mystoxlol\AppData\Local\Microsoft\WindowsApps;C:\Users\mystoxlol\AppData\Roaming\npm;e:\Docker Toolbox;C:\Program Files\Intel\WiFi\bin\;C:\Program Files\Common Files\Intel\WirelessCommon\;e:\Microsoft VS Code\bin;;.
2019-03-11 11:15:08 上午 [Thread: main][ Class:org.apache.zookeeper.ZooKeeper >> Method: org.apache.zookeeper.Environment.logEnv(Environment.java:100) ]
INFO:Client environment:java.io.tmpdir=C:\Users\MYSTOX~2\AppData\Local\Temp\
2019-03-11 11:15:08 上午 [Thread: main][ Class:org.apache.zookeeper.ZooKeeper >> Method: org.apache.zookeeper.Environment.logEnv(Environment.java:100) ]
INFO:Client environment:java.compiler=<NA>
2019-03-11 11:15:08 上午 [Thread: main][ Class:org.apache.zookeeper.ZooKeeper >> Method: org.apache.zookeeper.Environment.logEnv(Environment.java:100) ]
INFO:Client environment:os.name=Windows 10
2019-03-11 11:15:08 上午 [Thread: main][ Class:org.apache.zookeeper.ZooKeeper >> Method: org.apache.zookeeper.Environment.logEnv(Environment.java:100) ]
INFO:Client environment:os.arch=amd64
2019-03-11 11:15:08 上午 [Thread: main][ Class:org.apache.zookeeper.ZooKeeper >> Method: org.apache.zookeeper.Environment.logEnv(Environment.java:100) ]
INFO:Client environment:os.version=10.0
2019-03-11 11:15:08 上午 [Thread: main][ Class:org.apache.zookeeper.ZooKeeper >> Method: org.apache.zookeeper.Environment.logEnv(Environment.java:100) ]
INFO:Client environment:user.name=mystoxlol
2019-03-11 11:15:08 上午 [Thread: main][ Class:org.apache.zookeeper.ZooKeeper >> Method: org.apache.zookeeper.Environment.logEnv(Environment.java:100) ]
INFO:Client environment:user.home=C:\Users\mystoxlol
2019-03-11 11:15:08 上午 [Thread: main][ Class:org.apache.zookeeper.ZooKeeper >> Method: org.apache.zookeeper.Environment.logEnv(Environment.java:100) ]
INFO:Client environment:user.dir=E:\IdeaProjects\mystox_test_space
2019-03-11 11:15:08 上午 [Thread: main][ Class:org.apache.zookeeper.ZooKeeper >> Method: org.apache.zookeeper.ZooKeeper.<init>(ZooKeeper.java:442) ]
INFO:Initiating client connection, connectString=172.16.5.26:2181,172.16.5.26:2182,172.16.5.26:2183 sessionTimeout=150 watcher=tech.mystox.test.zookeeper.ServiceRegistryImpl@2401f4c3
2019-03-11 11:15:08 上午 [Thread: main-SendThread(nginx.mystox.com:2183)][ Class:org.apache.zookeeper.ClientCnxn >> Method: org.apache.zookeeper.ClientCnxn$SendThread.logStartConnect(ClientCnxn.java:1029) ]
INFO:Opening socket connection to server nginx.mystox.com/172.16.5.26:2183. Will not attempt to authenticate using SASL (unknown error)
2019-03-11 11:15:08 上午 [Thread: main-SendThread(nginx.mystox.com:2183)][ Class:org.apache.zookeeper.ClientCnxn >> Method: org.apache.zookeeper.ClientCnxn$SendThread.primeConnection(ClientCnxn.java:879) ]
INFO:Socket connection established to nginx.mystox.com/172.16.5.26:2183, initiating session
2019-03-11 11:15:08 上午 [Thread: main-SendThread(nginx.mystox.com:2183)][ Class:org.apache.zookeeper.ClientCnxn >> Method: org.apache.zookeeper.ClientCnxn$SendThread.onConnected(ClientCnxn.java:1303) ]
INFO:Session establishment complete on server nginx.mystox.com/172.16.5.26:2183, sessionid = 0x2004440fd410061, negotiated timeout = 4000
2019-03-11 11:15:08 上午 [Thread: main][ Class:ServiceRegistryImpl >> Method: tech.mystox.test.zookeeper.ServiceRegistryImpl.<init>(ServiceRegistryImpl.java:29) ]
INFO:connected to zookeeper
2019-03-11 11:16:03 上午 [Thread: main][ Class:org.apache.zookeeper.ZooKeeper >> Method: org.apache.zookeeper.Environment.logEnv(Environment.java:100) ]
INFO:Client environment:zookeeper.version=3.4.13-2d71af4dbe22557fda74f9a9b4309b15a7487f03, built on 06/29/2018 00:39 GMT
2019-03-11 11:16:03 上午 [Thread: main][ Class:org.apache.zookeeper.ZooKeeper >> Method: org.apache.zookeeper.Environment.logEnv(Environment.java:100) ]
INFO:Client environment:host.name=mystox
2019-03-11 11:16:03 上午 [Thread: main][ Class:org.apache.zookeeper.ZooKeeper >> Method: org.apache.zookeeper.Environment.logEnv(Environment.java:100) ]
INFO:Client environment:java.version=1.8.0_77
2019-03-11 11:16:03 上午 [Thread: main][ Class:org.apache.zookeeper.ZooKeeper >> Method: org.apache.zookeeper.Environment.logEnv(Environment.java:100) ]
INFO:Client environment:java.vendor=Oracle Corporation
2019-03-11 11:16:03 上午 [Thread: main][ Class:org.apache.zookeeper.ZooKeeper >> Method: org.apache.zookeeper.Environment.logEnv(Environment.java:100) ]
INFO:Client environment:java.home=C:\Java\jdk1.8.0_77\jre
2019-03-11 11:16:03 上午 [Thread: main][ Class:org.apache.zookeeper.ZooKeeper >> Method: org.apache.zookeeper.Environment.logEnv(Environment.java:100) ]
INFO:Client environment:java.class.path=C:\Java\jdk1.8.0_77\jre\lib\charsets.jar;C:\Java\jdk1.8.0_77\jre\lib\deploy.jar;C:\Java\jdk1.8.0_77\jre\lib\ext\access-bridge-64.jar;C:\Java\jdk1.8.0_77\jre\lib\ext\cldrdata.jar;C:\Java\jdk1.8.0_77\jre\lib\ext\dnsns.jar;C:\Java\jdk1.8.0_77\jre\lib\ext\jaccess.jar;C:\Java\jdk1.8.0_77\jre\lib\ext\jfxrt.jar;C:\Java\jdk1.8.0_77\jre\lib\ext\localedata.jar;C:\Java\jdk1.8.0_77\jre\lib\ext\nashorn.jar;C:\Java\jdk1.8.0_77\jre\lib\ext\sunec.jar;C:\Java\jdk1.8.0_77\jre\lib\ext\sunjce_provider.jar;C:\Java\jdk1.8.0_77\jre\lib\ext\sunmscapi.jar;C:\Java\jdk1.8.0_77\jre\lib\ext\sunpkcs11.jar;C:\Java\jdk1.8.0_77\jre\lib\ext\zipfs.jar;C:\Java\jdk1.8.0_77\jre\lib\javaws.jar;C:\Java\jdk1.8.0_77\jre\lib\jce.jar;C:\Java\jdk1.8.0_77\jre\lib\jfr.jar;C:\Java\jdk1.8.0_77\jre\lib\jfxswt.jar;C:\Java\jdk1.8.0_77\jre\lib\jsse.jar;C:\Java\jdk1.8.0_77\jre\lib\management-agent.jar;C:\Java\jdk1.8.0_77\jre\lib\plugin.jar;C:\Java\jdk1.8.0_77\jre\lib\resources.jar;C:\Java\jdk1.8.0_77\jre\lib\rt.jar;E:\IdeaProjects\mystox_test_space\maintest\target\classes;E:\m2\repository\org\apache\zookeeper\zookeeper\3.4.13\zookeeper-3.4.13.jar;E:\m2\repository\jline\jline\0.9.94\jline-0.9.94.jar;E:\m2\repository\org\apache\yetus\audience-annotations\0.5.0\audience-annotations-0.5.0.jar;E:\m2\repository\io\netty\netty\3.10.6.Final\netty-3.10.6.Final.jar;E:\IdeaProjects\mystox_test_space\test-core\target\classes;E:\m2\repository\org\apache\hadoop\hadoop-common\3.1.1\hadoop-common-3.1.1.jar;E:\m2\repository\org\apache\hadoop\hadoop-annotations\3.1.1\hadoop-annotations-3.1.1.jar;C:\Java\jdk1.8.0_77\lib\tools.jar;E:\m2\repository\com\google\guava\guava\11.0.2\guava-11.0.2.jar;E:\m2\repository\commons-cli\commons-cli\1.2\commons-cli-1.2.jar;E:\m2\repository\org\apache\commons\commons-math3\3.1.1\commons-math3-3.1.1.jar;E:\m2\repository\org\apache\httpcomponents\httpclient\4.5.2\httpclient-4.5.2.jar;E:\m2\repository\org\apache\httpcomponents\httpcore\4.4.4\httpcore-4.4.4.jar;E:\m2\repository\commons-codec\commons-codec\1.11\commons-codec-1.11.jar;E:\m2\repository\commons-io\commons-io\2.5\commons-io-2.5.jar;E:\m2\repository\commons-net\commons-net\3.6\commons-net-3.6.jar;E:\m2\repository\commons-collections\commons-collections\3.2.2\commons-collections-3.2.2.jar;E:\m2\repository\javax\servlet\javax.servlet-api\3.1.0\javax.servlet-api-3.1.0.jar;E:\m2\repository\org\eclipse\jetty\jetty-server\9.3.19.v20170502\jetty-server-9.3.19.v20170502.jar;E:\m2\repository\org\eclipse\jetty\jetty-http\9.3.19.v20170502\jetty-http-9.3.19.v20170502.jar;E:\m2\repository\org\eclipse\jetty\jetty-io\9.3.19.v20170502\jetty-io-9.3.19.v20170502.jar;E:\m2\repository\org\eclipse\jetty\jetty-util\9.3.19.v20170502\jetty-util-9.3.19.v20170502.jar;E:\m2\repository\org\eclipse\jetty\jetty-servlet\9.3.19.v20170502\jetty-servlet-9.3.19.v20170502.jar;E:\m2\repository\org\eclipse\jetty\jetty-security\9.3.19.v20170502\jetty-security-9.3.19.v20170502.jar;E:\m2\repository\org\eclipse\jetty\jetty-webapp\9.3.19.v20170502\jetty-webapp-9.3.19.v20170502.jar;E:\m2\repository\org\eclipse\jetty\jetty-xml\9.3.19.v20170502\jetty-xml-9.3.19.v20170502.jar;E:\m2\repository\javax\servlet\jsp\jsp-api\2.1\jsp-api-2.1.jar;E:\m2\repository\com\sun\jersey\jersey-core\1.19\jersey-core-1.19.jar;E:\m2\repository\javax\ws\rs\jsr311-api\1.1.1\jsr311-api-1.1.1.jar;E:\m2\repository\com\sun\jersey\jersey-servlet\1.19\jersey-servlet-1.19.jar;E:\m2\repository\com\sun\jersey\jersey-json\1.19\jersey-json-1.19.jar;E:\m2\repository\org\codehaus\jettison\jettison\1.1\jettison-1.1.jar;E:\m2\repository\com\sun\xml\bind\jaxb-impl\2.2.3-1\jaxb-impl-2.2.3-1.jar;E:\m2\repository\javax\xml\bind\jaxb-api\2.2.2\jaxb-api-2.2.2.jar;E:\m2\repository\javax\xml\stream\stax-api\1.0-2\stax-api-1.0-2.jar;E:\m2\repository\javax\activation\activation\1.1\activation-1.1.jar;E:\m2\repository\org\codehaus\jackson\jackson-core-asl\1.9.2\jackson-core-asl-1.9.2.jar;E:\m2\repository\org\codehaus\jackson\jackson-mapper-asl\1.9.2\jackson-mapper-asl-1.9.2.jar;E:\m2\repository\org\codehaus\jackson\jackson-jaxrs\1.9.2\jackson-jaxrs-1.9.2.jar;E:\m2\repository\org\codehaus\jackson\jackson-xc\1.9.2\jackson-xc-1.9.2.jar;E:\m2\repository\com\sun\jersey\jersey-server\1.19\jersey-server-1.19.jar;E:\m2\repository\commons-logging\commons-logging\1.1.3\commons-logging-1.1.3.jar;E:\m2\repository\commons-lang\commons-lang\2.6\commons-lang-2.6.jar;E:\m2\repository\commons-beanutils\commons-beanutils\1.9.3\commons-beanutils-1.9.3.jar;E:\m2\repository\org\apache\commons\commons-configuration2\2.1.1\commons-configuration2-2.1.1.jar;E:\m2\repository\org\apache\commons\commons-lang3\3.4\commons-lang3-3.4.jar;E:\m2\repository\org\apache\avro\avro\1.7.7\avro-1.7.7.jar;E:\m2\repository\com\thoughtworks\paranamer\paranamer\2.3\paranamer-2.3.jar;E:\m2\repository\org\xerial\snappy\snappy-java\1.0.5\snappy-java-1.0.5.jar;E:\m2\repository\com\google\re2j\re2j\1.1\re2j-1.1.jar;E:\m2\repository\com\google\protobuf\protobuf-java\2.5.0\protobuf-java-2.5.0.jar;E:\m2\repository\com\google\code\gson\gson\2.2.4\gson-2.2.4.jar;E:\m2\repository\org\apache\hadoop\hadoop-auth\3.1.1\hadoop-auth-3.1.1.jar;E:\m2\repository\com\nimbusds\nimbus-jose-jwt\4.41.1\nimbus-jose-jwt-4.41.1.jar;E:\m2\repository\com\github\stephenc\jcip\jcip-annotations\1.0-1\jcip-annotations-1.0-1.jar;E:\m2\repository\net\minidev\json-smart\2.3\json-smart-2.3.jar;E:\m2\repository\net\minidev\accessors-smart\1.2\accessors-smart-1.2.jar;E:\m2\repository\org\ow2\asm\asm\5.0.4\asm-5.0.4.jar;E:\m2\repository\org\apache\curator\curator-framework\2.12.0\curator-framework-2.12.0.jar;E:\m2\repository\com\jcraft\jsch\0.1.54\jsch-0.1.54.jar;E:\m2\repository\org\apache\curator\curator-client\2.12.0\curator-client-2.12.0.jar;E:\m2\repository\org\apache\curator\curator-recipes\2.12.0\curator-recipes-2.12.0.jar;E:\m2\repository\com\google\code\findbugs\jsr305\3.0.0\jsr305-3.0.0.jar;E:\m2\repository\org\apache\htrace\htrace-core4\4.1.0-incubating\htrace-core4-4.1.0-incubating.jar;E:\m2\repository\org\apache\commons\commons-compress\1.4.1\commons-compress-1.4.1.jar;E:\m2\repository\org\tukaani\xz\1.0\xz-1.0.jar;E:\m2\repository\org\apache\kerby\kerb-simplekdc\1.0.1\kerb-simplekdc-1.0.1.jar;E:\m2\repository\org\apache\kerby\kerb-client\1.0.1\kerb-client-1.0.1.jar;E:\m2\repository\org\apache\kerby\kerby-config\1.0.1\kerby-config-1.0.1.jar;E:\m2\repository\org\apache\kerby\kerb-core\1.0.1\kerb-core-1.0.1.jar;E:\m2\repository\org\apache\kerby\kerby-pkix\1.0.1\kerby-pkix-1.0.1.jar;E:\m2\repository\org\apache\kerby\kerby-asn1\1.0.1\kerby-asn1-1.0.1.jar;E:\m2\repository\org\apache\kerby\kerby-util\1.0.1\kerby-util-1.0.1.jar;E:\m2\repository\org\apache\kerby\kerb-common\1.0.1\kerb-common-1.0.1.jar;E:\m2\repository\org\apache\kerby\kerb-crypto\1.0.1\kerb-crypto-1.0.1.jar;E:\m2\repository\org\apache\kerby\kerb-util\1.0.1\kerb-util-1.0.1.jar;E:\m2\repository\org\apache\kerby\token-provider\1.0.1\token-provider-1.0.1.jar;E:\m2\repository\org\apache\kerby\kerb-admin\1.0.1\kerb-admin-1.0.1.jar;E:\m2\repository\org\apache\kerby\kerb-server\1.0.1\kerb-server-1.0.1.jar;E:\m2\repository\org\apache\kerby\kerb-identity\1.0.1\kerb-identity-1.0.1.jar;E:\m2\repository\org\apache\kerby\kerby-xdr\1.0.1\kerby-xdr-1.0.1.jar;E:\m2\repository\com\fasterxml\jackson\core\jackson-databind\2.7.8\jackson-databind-2.7.8.jar;E:\m2\repository\com\fasterxml\jackson\core\jackson-annotations\2.7.0\jackson-annotations-2.7.0.jar;E:\m2\repository\com\fasterxml\jackson\core\jackson-core\2.7.8\jackson-core-2.7.8.jar;E:\m2\repository\org\codehaus\woodstox\stax2-api\3.1.4\stax2-api-3.1.4.jar;E:\m2\repository\com\fasterxml\woodstox\woodstox-core\5.0.3\woodstox-core-5.0.3.jar;E:\m2\repository\org\slf4j\slf4j-api\1.7.12\slf4j-api-1.7.12.jar;E:\m2\repository\org\slf4j\jcl-over-slf4j\1.7.12\jcl-over-slf4j-1.7.12.jar;E:\m2\repository\org\slf4j\slf4j-log4j12\1.7.12\slf4j-log4j12-1.7.12.jar;E:\m2\repository\log4j\log4j\1.2.16\log4j-1.2.16.jar;E:\JetBrains\IntelliJ IDEA 2016.3.5\lib\idea_rt.jar
2019-03-11 11:16:03 上午 [Thread: main][ Class:org.apache.zookeeper.ZooKeeper >> Method: org.apache.zookeeper.Environment.logEnv(Environment.java:100) ]
INFO:Client environment:java.library.path=C:\Java\jdk1.8.0_77\bin;C:\WINDOWS\Sun\Java\bin;C:\WINDOWS\system32;C:\WINDOWS;C:\ProgramData\Oracle\Java\javapath;h:\app\mystoxOrcl\product\12.1.0\dbhome_1\bin;h:\app\mystox\product\12.1.0\dbhome_1\bin;C:\WINDOWS\system32;C:\WINDOWS;C:\WINDOWS\System32\Wbem;C:\WINDOWS\System32\WindowsPowerShell\v1.0\;C:\Java\jdk1.8.0_77\bin;C:\Java\jdk1.8.0_77\jre\bin;C:\Program Files (x86)\cvsnt;C:\Program Files (x86)\NVIDIA Corporation\PhysX\Common;C:\WINDOWS\system32;C:\WINDOWS;C:\WINDOWS\System32\Wbem;C:\WINDOWS\System32\WindowsPowerShell\v1.0\;C:\Program Files\Common Files\Autodesk Shared\;%localappdata%\Microsoft\WindowsApps;h:\Program Files (x86)\IDM Computer Solutions\UltraEdit;H:\Rational\;H:\Rational\common;C:\Program Files (x86)\MySQL\MySQL Server 5.0\bin;H:\Program Files\nodejs\;h:\Program Files\IDM Computer Solutions\UltraEdit;C:\ApacheSoftware\apache-maven-3.3.9\bin;E:\MongoDB\Server\3.4\bin;C:\Program Files\Intel\WiFi\bin\;C:\Program Files\Common Files\Intel\WirelessCommon\;E:\PuTTY\;E:\spring-1.3.0.RELEASE\bin;C:\WINDOWS\System32\OpenSSH\;E:\Redis\;E:\TortoiseGit\bin;C:\Program Files\Git\cmd;E:\TortoiseSVN\bin;"H:\apache-tomcat-8.0.36\lib;H:\apache-tomcat-8.0.36\bin";;e:\Microsoft VS Code\bin;C:\Users\mystoxlol\AppData\Local\Microsoft\WindowsApps;C:\Users\mystoxlol\AppData\Roaming\npm;e:\Docker Toolbox;C:\Program Files\Intel\WiFi\bin\;C:\Program Files\Common Files\Intel\WirelessCommon\;e:\Microsoft VS Code\bin;;.
2019-03-11 11:16:03 上午 [Thread: main][ Class:org.apache.zookeeper.ZooKeeper >> Method: org.apache.zookeeper.Environment.logEnv(Environment.java:100) ]
INFO:Client environment:java.io.tmpdir=C:\Users\MYSTOX~2\AppData\Local\Temp\
2019-03-11 11:16:03 上午 [Thread: main][ Class:org.apache.zookeeper.ZooKeeper >> Method: org.apache.zookeeper.Environment.logEnv(Environment.java:100) ]
INFO:Client environment:java.compiler=<NA>
2019-03-11 11:16:03 上午 [Thread: main][ Class:org.apache.zookeeper.ZooKeeper >> Method: org.apache.zookeeper.Environment.logEnv(Environment.java:100) ]
INFO:Client environment:os.name=Windows 10
2019-03-11 11:16:03 上午 [Thread: main][ Class:org.apache.zookeeper.ZooKeeper >> Method: org.apache.zookeeper.Environment.logEnv(Environment.java:100) ]
INFO:Client environment:os.arch=amd64
2019-03-11 11:16:03 上午 [Thread: main][ Class:org.apache.zookeeper.ZooKeeper >> Method: org.apache.zookeeper.Environment.logEnv(Environment.java:100) ]
INFO:Client environment:os.version=10.0
2019-03-11 11:16:03 上午 [Thread: main][ Class:org.apache.zookeeper.ZooKeeper >> Method: org.apache.zookeeper.Environment.logEnv(Environment.java:100) ]
INFO:Client environment:user.name=mystoxlol
2019-03-11 11:16:03 上午 [Thread: main][ Class:org.apache.zookeeper.ZooKeeper >> Method: org.apache.zookeeper.Environment.logEnv(Environment.java:100) ]
INFO:Client environment:user.home=C:\Users\mystoxlol
2019-03-11 11:16:03 上午 [Thread: main][ Class:org.apache.zookeeper.ZooKeeper >> Method: org.apache.zookeeper.Environment.logEnv(Environment.java:100) ]
INFO:Client environment:user.dir=E:\IdeaProjects\mystox_test_space
2019-03-11 11:16:03 上午 [Thread: main][ Class:org.apache.zookeeper.ZooKeeper >> Method: org.apache.zookeeper.ZooKeeper.<init>(ZooKeeper.java:442) ]
INFO:Initiating client connection, connectString=172.16.5.26:2181,172.16.5.26:2182,172.16.5.26:2183 sessionTimeout=150 watcher=tech.mystox.test.zookeeper.ServiceRegistryImpl@2401f4c3
2019-03-11 11:16:03 上午 [Thread: main-SendThread(nginx.mystox.com:2181)][ Class:org.apache.zookeeper.ClientCnxn >> Method: org.apache.zookeeper.ClientCnxn$SendThread.logStartConnect(ClientCnxn.java:1029) ]
INFO:Opening socket connection to server nginx.mystox.com/172.16.5.26:2181. Will not attempt to authenticate using SASL (unknown error)
2019-03-11 11:16:03 上午 [Thread: main-SendThread(nginx.mystox.com:2181)][ Class:org.apache.zookeeper.ClientCnxn >> Method: org.apache.zookeeper.ClientCnxn$SendThread.primeConnection(ClientCnxn.java:879) ]
INFO:Socket connection established to nginx.mystox.com/172.16.5.26:2181, initiating session
2019-03-11 11:16:03 上午 [Thread: main-SendThread(nginx.mystox.com:2181)][ Class:org.apache.zookeeper.ClientCnxn >> Method: org.apache.zookeeper.ClientCnxn$SendThread.run(ClientCnxn.java:1112) ]
WARN:Client session timed out, have not heard from server in 51ms for sessionid 0x0
2019-03-11 11:16:03 上午 [Thread: main-SendThread(nginx.mystox.com:2181)][ Class:org.apache.zookeeper.ClientCnxn >> Method: org.apache.zookeeper.ClientCnxn$SendThread.run(ClientCnxn.java:1160) ]
INFO:Client session timed out, have not heard from server in 51ms for sessionid 0x0, closing socket connection and attempting reconnect
2019-03-11 11:16:03 上午 [Thread: main-SendThread(nginx.mystox.com:2183)][ Class:org.apache.zookeeper.ClientCnxn >> Method: org.apache.zookeeper.ClientCnxn$SendThread.logStartConnect(ClientCnxn.java:1029) ]
INFO:Opening socket connection to server nginx.mystox.com/172.16.5.26:2183. Will not attempt to authenticate using SASL (unknown error)
2019-03-11 11:16:03 上午 [Thread: main-SendThread(nginx.mystox.com:2183)][ Class:org.apache.zookeeper.ClientCnxn >> Method: org.apache.zookeeper.ClientCnxn$SendThread.primeConnection(ClientCnxn.java:879) ]
INFO:Socket connection established to nginx.mystox.com/172.16.5.26:2183, initiating session
2019-03-11 11:16:03 上午 [Thread: main-SendThread(nginx.mystox.com:2183)][ Class:org.apache.zookeeper.ClientCnxn >> Method: org.apache.zookeeper.ClientCnxn$SendThread.onConnected(ClientCnxn.java:1303) ]
INFO:Session establishment complete on server nginx.mystox.com/172.16.5.26:2183, sessionid = 0x2004440fd410062, negotiated timeout = 4000
2019-03-11 11:16:03 上午 [Thread: main][ Class:ServiceRegistryImpl >> Method: tech.mystox.test.zookeeper.ServiceRegistryImpl.<init>(ServiceRegistryImpl.java:29) ]
INFO:connected to zookeeper
2019-03-11 11:16:04 上午 [Thread: main][ Class:org.apache.zookeeper.ZooKeeper >> Method: org.apache.zookeeper.ZooKeeper.close(ZooKeeper.java:693) ]
INFO:Session: 0x2004440fd410062 closed
2019-03-11 11:16:57 上午 [Thread: main][ Class:org.apache.zookeeper.ZooKeeper >> Method: org.apache.zookeeper.Environment.logEnv(Environment.java:100) ]
INFO:Client environment:zookeeper.version=3.4.13-2d71af4dbe22557fda74f9a9b4309b15a7487f03, built on 06/29/2018 00:39 GMT
2019-03-11 11:16:57 上午 [Thread: main][ Class:org.apache.zookeeper.ZooKeeper >> Method: org.apache.zookeeper.Environment.logEnv(Environment.java:100) ]
INFO:Client environment:host.name=mystox
2019-03-11 11:16:57 上午 [Thread: main][ Class:org.apache.zookeeper.ZooKeeper >> Method: org.apache.zookeeper.Environment.logEnv(Environment.java:100) ]
INFO:Client environment:java.version=1.8.0_77
2019-03-11 11:16:57 上午 [Thread: main][ Class:org.apache.zookeeper.ZooKeeper >> Method: org.apache.zookeeper.Environment.logEnv(Environment.java:100) ]
INFO:Client environment:java.vendor=Oracle Corporation
2019-03-11 11:16:57 上午 [Thread: main][ Class:org.apache.zookeeper.ZooKeeper >> Method: org.apache.zookeeper.Environment.logEnv(Environment.java:100) ]
INFO:Client environment:java.home=C:\Java\jdk1.8.0_77\jre
2019-03-11 11:16:57 上午 [Thread: main][ Class:org.apache.zookeeper.ZooKeeper >> Method: org.apache.zookeeper.Environment.logEnv(Environment.java:100) ]
INFO:Client environment:java.class.path=C:\Java\jdk1.8.0_77\jre\lib\charsets.jar;C:\Java\jdk1.8.0_77\jre\lib\deploy.jar;C:\Java\jdk1.8.0_77\jre\lib\ext\access-bridge-64.jar;C:\Java\jdk1.8.0_77\jre\lib\ext\cldrdata.jar;C:\Java\jdk1.8.0_77\jre\lib\ext\dnsns.jar;C:\Java\jdk1.8.0_77\jre\lib\ext\jaccess.jar;C:\Java\jdk1.8.0_77\jre\lib\ext\jfxrt.jar;C:\Java\jdk1.8.0_77\jre\lib\ext\localedata.jar;C:\Java\jdk1.8.0_77\jre\lib\ext\nashorn.jar;C:\Java\jdk1.8.0_77\jre\lib\ext\sunec.jar;C:\Java\jdk1.8.0_77\jre\lib\ext\sunjce_provider.jar;C:\Java\jdk1.8.0_77\jre\lib\ext\sunmscapi.jar;C:\Java\jdk1.8.0_77\jre\lib\ext\sunpkcs11.jar;C:\Java\jdk1.8.0_77\jre\lib\ext\zipfs.jar;C:\Java\jdk1.8.0_77\jre\lib\javaws.jar;C:\Java\jdk1.8.0_77\jre\lib\jce.jar;C:\Java\jdk1.8.0_77\jre\lib\jfr.jar;C:\Java\jdk1.8.0_77\jre\lib\jfxswt.jar;C:\Java\jdk1.8.0_77\jre\lib\jsse.jar;C:\Java\jdk1.8.0_77\jre\lib\management-agent.jar;C:\Java\jdk1.8.0_77\jre\lib\plugin.jar;C:\Java\jdk1.8.0_77\jre\lib\resources.jar;C:\Java\jdk1.8.0_77\jre\lib\rt.jar;E:\IdeaProjects\mystox_test_space\maintest\target\classes;E:\m2\repository\org\apache\zookeeper\zookeeper\3.4.13\zookeeper-3.4.13.jar;E:\m2\repository\jline\jline\0.9.94\jline-0.9.94.jar;E:\m2\repository\org\apache\yetus\audience-annotations\0.5.0\audience-annotations-0.5.0.jar;E:\m2\repository\io\netty\netty\3.10.6.Final\netty-3.10.6.Final.jar;E:\IdeaProjects\mystox_test_space\test-core\target\classes;E:\m2\repository\org\apache\hadoop\hadoop-common\3.1.1\hadoop-common-3.1.1.jar;E:\m2\repository\org\apache\hadoop\hadoop-annotations\3.1.1\hadoop-annotations-3.1.1.jar;C:\Java\jdk1.8.0_77\lib\tools.jar;E:\m2\repository\com\google\guava\guava\11.0.2\guava-11.0.2.jar;E:\m2\repository\commons-cli\commons-cli\1.2\commons-cli-1.2.jar;E:\m2\repository\org\apache\commons\commons-math3\3.1.1\commons-math3-3.1.1.jar;E:\m2\repository\org\apache\httpcomponents\httpclient\4.5.2\httpclient-4.5.2.jar;E:\m2\repository\org\apache\httpcomponents\httpcore\4.4.4\httpcore-4.4.4.jar;E:\m2\repository\commons-codec\commons-codec\1.11\commons-codec-1.11.jar;E:\m2\repository\commons-io\commons-io\2.5\commons-io-2.5.jar;E:\m2\repository\commons-net\commons-net\3.6\commons-net-3.6.jar;E:\m2\repository\commons-collections\commons-collections\3.2.2\commons-collections-3.2.2.jar;E:\m2\repository\javax\servlet\javax.servlet-api\3.1.0\javax.servlet-api-3.1.0.jar;E:\m2\repository\org\eclipse\jetty\jetty-server\9.3.19.v20170502\jetty-server-9.3.19.v20170502.jar;E:\m2\repository\org\eclipse\jetty\jetty-http\9.3.19.v20170502\jetty-http-9.3.19.v20170502.jar;E:\m2\repository\org\eclipse\jetty\jetty-io\9.3.19.v20170502\jetty-io-9.3.19.v20170502.jar;E:\m2\repository\org\eclipse\jetty\jetty-util\9.3.19.v20170502\jetty-util-9.3.19.v20170502.jar;E:\m2\repository\org\eclipse\jetty\jetty-servlet\9.3.19.v20170502\jetty-servlet-9.3.19.v20170502.jar;E:\m2\repository\org\eclipse\jetty\jetty-security\9.3.19.v20170502\jetty-security-9.3.19.v20170502.jar;E:\m2\repository\org\eclipse\jetty\jetty-webapp\9.3.19.v20170502\jetty-webapp-9.3.19.v20170502.jar;E:\m2\repository\org\eclipse\jetty\jetty-xml\9.3.19.v20170502\jetty-xml-9.3.19.v20170502.jar;E:\m2\repository\javax\servlet\jsp\jsp-api\2.1\jsp-api-2.1.jar;E:\m2\repository\com\sun\jersey\jersey-core\1.19\jersey-core-1.19.jar;E:\m2\repository\javax\ws\rs\jsr311-api\1.1.1\jsr311-api-1.1.1.jar;E:\m2\repository\com\sun\jersey\jersey-servlet\1.19\jersey-servlet-1.19.jar;E:\m2\repository\com\sun\jersey\jersey-json\1.19\jersey-json-1.19.jar;E:\m2\repository\org\codehaus\jettison\jettison\1.1\jettison-1.1.jar;E:\m2\repository\com\sun\xml\bind\jaxb-impl\2.2.3-1\jaxb-impl-2.2.3-1.jar;E:\m2\repository\javax\xml\bind\jaxb-api\2.2.2\jaxb-api-2.2.2.jar;E:\m2\repository\javax\xml\stream\stax-api\1.0-2\stax-api-1.0-2.jar;E:\m2\repository\javax\activation\activation\1.1\activation-1.1.jar;E:\m2\repository\org\codehaus\jackson\jackson-core-asl\1.9.2\jackson-core-asl-1.9.2.jar;E:\m2\repository\org\codehaus\jackson\jackson-mapper-asl\1.9.2\jackson-mapper-asl-1.9.2.jar;E:\m2\repository\org\codehaus\jackson\jackson-jaxrs\1.9.2\jackson-jaxrs-1.9.2.jar;E:\m2\repository\org\codehaus\jackson\jackson-xc\1.9.2\jackson-xc-1.9.2.jar;E:\m2\repository\com\sun\jersey\jersey-server\1.19\jersey-server-1.19.jar;E:\m2\repository\commons-logging\commons-logging\1.1.3\commons-logging-1.1.3.jar;E:\m2\repository\commons-lang\commons-lang\2.6\commons-lang-2.6.jar;E:\m2\repository\commons-beanutils\commons-beanutils\1.9.3\commons-beanutils-1.9.3.jar;E:\m2\repository\org\apache\commons\commons-configuration2\2.1.1\commons-configuration2-2.1.1.jar;E:\m2\repository\org\apache\commons\commons-lang3\3.4\commons-lang3-3.4.jar;E:\m2\repository\org\apache\avro\avro\1.7.7\avro-1.7.7.jar;E:\m2\repository\com\thoughtworks\paranamer\paranamer\2.3\paranamer-2.3.jar;E:\m2\repository\org\xerial\snappy\snappy-java\1.0.5\snappy-java-1.0.5.jar;E:\m2\repository\com\google\re2j\re2j\1.1\re2j-1.1.jar;E:\m2\repository\com\google\protobuf\protobuf-java\2.5.0\protobuf-java-2.5.0.jar;E:\m2\repository\com\google\code\gson\gson\2.2.4\gson-2.2.4.jar;E:\m2\repository\org\apache\hadoop\hadoop-auth\3.1.1\hadoop-auth-3.1.1.jar;E:\m2\repository\com\nimbusds\nimbus-jose-jwt\4.41.1\nimbus-jose-jwt-4.41.1.jar;E:\m2\repository\com\github\stephenc\jcip\jcip-annotations\1.0-1\jcip-annotations-1.0-1.jar;E:\m2\repository\net\minidev\json-smart\2.3\json-smart-2.3.jar;E:\m2\repository\net\minidev\accessors-smart\1.2\accessors-smart-1.2.jar;E:\m2\repository\org\ow2\asm\asm\5.0.4\asm-5.0.4.jar;E:\m2\repository\org\apache\curator\curator-framework\2.12.0\curator-framework-2.12.0.jar;E:\m2\repository\com\jcraft\jsch\0.1.54\jsch-0.1.54.jar;E:\m2\repository\org\apache\curator\curator-client\2.12.0\curator-client-2.12.0.jar;E:\m2\repository\org\apache\curator\curator-recipes\2.12.0\curator-recipes-2.12.0.jar;E:\m2\repository\com\google\code\findbugs\jsr305\3.0.0\jsr305-3.0.0.jar;E:\m2\repository\org\apache\htrace\htrace-core4\4.1.0-incubating\htrace-core4-4.1.0-incubating.jar;E:\m2\repository\org\apache\commons\commons-compress\1.4.1\commons-compress-1.4.1.jar;E:\m2\repository\org\tukaani\xz\1.0\xz-1.0.jar;E:\m2\repository\org\apache\kerby\kerb-simplekdc\1.0.1\kerb-simplekdc-1.0.1.jar;E:\m2\repository\org\apache\kerby\kerb-client\1.0.1\kerb-client-1.0.1.jar;E:\m2\repository\org\apache\kerby\kerby-config\1.0.1\kerby-config-1.0.1.jar;E:\m2\repository\org\apache\kerby\kerb-core\1.0.1\kerb-core-1.0.1.jar;E:\m2\repository\org\apache\kerby\kerby-pkix\1.0.1\kerby-pkix-1.0.1.jar;E:\m2\repository\org\apache\kerby\kerby-asn1\1.0.1\kerby-asn1-1.0.1.jar;E:\m2\repository\org\apache\kerby\kerby-util\1.0.1\kerby-util-1.0.1.jar;E:\m2\repository\org\apache\kerby\kerb-common\1.0.1\kerb-common-1.0.1.jar;E:\m2\repository\org\apache\kerby\kerb-crypto\1.0.1\kerb-crypto-1.0.1.jar;E:\m2\repository\org\apache\kerby\kerb-util\1.0.1\kerb-util-1.0.1.jar;E:\m2\repository\org\apache\kerby\token-provider\1.0.1\token-provider-1.0.1.jar;E:\m2\repository\org\apache\kerby\kerb-admin\1.0.1\kerb-admin-1.0.1.jar;E:\m2\repository\org\apache\kerby\kerb-server\1.0.1\kerb-server-1.0.1.jar;E:\m2\repository\org\apache\kerby\kerb-identity\1.0.1\kerb-identity-1.0.1.jar;E:\m2\repository\org\apache\kerby\kerby-xdr\1.0.1\kerby-xdr-1.0.1.jar;E:\m2\repository\com\fasterxml\jackson\core\jackson-databind\2.7.8\jackson-databind-2.7.8.jar;E:\m2\repository\com\fasterxml\jackson\core\jackson-annotations\2.7.0\jackson-annotations-2.7.0.jar;E:\m2\repository\com\fasterxml\jackson\core\jackson-core\2.7.8\jackson-core-2.7.8.jar;E:\m2\repository\org\codehaus\woodstox\stax2-api\3.1.4\stax2-api-3.1.4.jar;E:\m2\repository\com\fasterxml\woodstox\woodstox-core\5.0.3\woodstox-core-5.0.3.jar;E:\m2\repository\org\slf4j\slf4j-api\1.7.12\slf4j-api-1.7.12.jar;E:\m2\repository\org\slf4j\jcl-over-slf4j\1.7.12\jcl-over-slf4j-1.7.12.jar;E:\m2\repository\org\slf4j\slf4j-log4j12\1.7.12\slf4j-log4j12-1.7.12.jar;E:\m2\repository\log4j\log4j\1.2.16\log4j-1.2.16.jar;E:\JetBrains\IntelliJ IDEA 2016.3.5\lib\idea_rt.jar
2019-03-11 11:16:57 上午 [Thread: main][ Class:org.apache.zookeeper.ZooKeeper >> Method: org.apache.zookeeper.Environment.logEnv(Environment.java:100) ]
INFO:Client environment:java.library.path=C:\Java\jdk1.8.0_77\bin;C:\WINDOWS\Sun\Java\bin;C:\WINDOWS\system32;C:\WINDOWS;C:\ProgramData\Oracle\Java\javapath;h:\app\mystoxOrcl\product\12.1.0\dbhome_1\bin;h:\app\mystox\product\12.1.0\dbhome_1\bin;C:\WINDOWS\system32;C:\WINDOWS;C:\WINDOWS\System32\Wbem;C:\WINDOWS\System32\WindowsPowerShell\v1.0\;C:\Java\jdk1.8.0_77\bin;C:\Java\jdk1.8.0_77\jre\bin;C:\Program Files (x86)\cvsnt;C:\Program Files (x86)\NVIDIA Corporation\PhysX\Common;C:\WINDOWS\system32;C:\WINDOWS;C:\WINDOWS\System32\Wbem;C:\WINDOWS\System32\WindowsPowerShell\v1.0\;C:\Program Files\Common Files\Autodesk Shared\;%localappdata%\Microsoft\WindowsApps;h:\Program Files (x86)\IDM Computer Solutions\UltraEdit;H:\Rational\;H:\Rational\common;C:\Program Files (x86)\MySQL\MySQL Server 5.0\bin;H:\Program Files\nodejs\;h:\Program Files\IDM Computer Solutions\UltraEdit;C:\ApacheSoftware\apache-maven-3.3.9\bin;E:\MongoDB\Server\3.4\bin;C:\Program Files\Intel\WiFi\bin\;C:\Program Files\Common Files\Intel\WirelessCommon\;E:\PuTTY\;E:\spring-1.3.0.RELEASE\bin;C:\WINDOWS\System32\OpenSSH\;E:\Redis\;E:\TortoiseGit\bin;C:\Program Files\Git\cmd;E:\TortoiseSVN\bin;"H:\apache-tomcat-8.0.36\lib;H:\apache-tomcat-8.0.36\bin";;e:\Microsoft VS Code\bin;C:\Users\mystoxlol\AppData\Local\Microsoft\WindowsApps;C:\Users\mystoxlol\AppData\Roaming\npm;e:\Docker Toolbox;C:\Program Files\Intel\WiFi\bin\;C:\Program Files\Common Files\Intel\WirelessCommon\;e:\Microsoft VS Code\bin;;.
2019-03-11 11:16:57 上午 [Thread: main][ Class:org.apache.zookeeper.ZooKeeper >> Method: org.apache.zookeeper.Environment.logEnv(Environment.java:100) ]
INFO:Client environment:java.io.tmpdir=C:\Users\MYSTOX~2\AppData\Local\Temp\
2019-03-11 11:16:57 上午 [Thread: main][ Class:org.apache.zookeeper.ZooKeeper >> Method: org.apache.zookeeper.Environment.logEnv(Environment.java:100) ]
INFO:Client environment:java.compiler=<NA>
2019-03-11 11:16:57 上午 [Thread: main][ Class:org.apache.zookeeper.ZooKeeper >> Method: org.apache.zookeeper.Environment.logEnv(Environment.java:100) ]
INFO:Client environment:os.name=Windows 10
2019-03-11 11:16:57 上午 [Thread: main][ Class:org.apache.zookeeper.ZooKeeper >> Method: org.apache.zookeeper.Environment.logEnv(Environment.java:100) ]
INFO:Client environment:os.arch=amd64
2019-03-11 11:16:57 上午 [Thread: main][ Class:org.apache.zookeeper.ZooKeeper >> Method: org.apache.zookeeper.Environment.logEnv(Environment.java:100) ]
INFO:Client environment:os.version=10.0
2019-03-11 11:16:57 上午 [Thread: main][ Class:org.apache.zookeeper.ZooKeeper >> Method: org.apache.zookeeper.Environment.logEnv(Environment.java:100) ]
INFO:Client environment:user.name=mystoxlol
2019-03-11 11:16:57 上午 [Thread: main][ Class:org.apache.zookeeper.ZooKeeper >> Method: org.apache.zookeeper.Environment.logEnv(Environment.java:100) ]
INFO:Client environment:user.home=C:\Users\mystoxlol
2019-03-11 11:16:57 上午 [Thread: main][ Class:org.apache.zookeeper.ZooKeeper >> Method: org.apache.zookeeper.Environment.logEnv(Environment.java:100) ]
INFO:Client environment:user.dir=E:\IdeaProjects\mystox_test_space
2019-03-11 11:16:57 上午 [Thread: main][ Class:org.apache.zookeeper.ZooKeeper >> Method: org.apache.zookeeper.ZooKeeper.<init>(ZooKeeper.java:442) ]
INFO:Initiating client connection, connectString=172.16.5.26:2181,172.16.5.26:2182,172.16.5.26:2183 sessionTimeout=150 watcher=tech.mystox.test.zookeeper.ServiceRegistryImpl@2401f4c3
2019-03-11 11:16:57 上午 [Thread: main-SendThread(nginx.mystox.com:2182)][ Class:org.apache.zookeeper.ClientCnxn >> Method: org.apache.zookeeper.ClientCnxn$SendThread.logStartConnect(ClientCnxn.java:1029) ]
INFO:Opening socket connection to server nginx.mystox.com/172.16.5.26:2182. Will not attempt to authenticate using SASL (unknown error)
2019-03-11 11:16:57 上午 [Thread: main-SendThread(nginx.mystox.com:2182)][ Class:org.apache.zookeeper.ClientCnxn >> Method: org.apache.zookeeper.ClientCnxn$SendThread.primeConnection(ClientCnxn.java:879) ]
INFO:Socket connection established to nginx.mystox.com/172.16.5.26:2182, initiating session
2019-03-11 11:16:57 上午 [Thread: main-SendThread(nginx.mystox.com:2182)][ Class:org.apache.zookeeper.ClientCnxn >> Method: org.apache.zookeeper.ClientCnxn$SendThread.run(ClientCnxn.java:1112) ]
WARN:Client session timed out, have not heard from server in 52ms for sessionid 0x0
2019-03-11 11:16:57 上午 [Thread: main-SendThread(nginx.mystox.com:2182)][ Class:org.apache.zookeeper.ClientCnxn >> Method: org.apache.zookeeper.ClientCnxn$SendThread.run(ClientCnxn.java:1160) ]
INFO:Client session timed out, have not heard from server in 52ms for sessionid 0x0, closing socket connection and attempting reconnect
2019-03-11 11:16:58 上午 [Thread: main-SendThread(nginx.mystox.com:2181)][ Class:org.apache.zookeeper.ClientCnxn >> Method: org.apache.zookeeper.ClientCnxn$SendThread.logStartConnect(ClientCnxn.java:1029) ]
INFO:Opening socket connection to server nginx.mystox.com/172.16.5.26:2181. Will not attempt to authenticate using SASL (unknown error)
2019-03-11 11:16:58 上午 [Thread: main-SendThread(nginx.mystox.com:2181)][ Class:org.apache.zookeeper.ClientCnxn >> Method: org.apache.zookeeper.ClientCnxn$SendThread.primeConnection(ClientCnxn.java:879) ]
INFO:Socket connection established to nginx.mystox.com/172.16.5.26:2181, initiating session
2019-03-11 11:16:58 上午 [Thread: main-SendThread(nginx.mystox.com:2181)][ Class:org.apache.zookeeper.ClientCnxn >> Method: org.apache.zookeeper.ClientCnxn$SendThread.run(ClientCnxn.java:1112) ]
WARN:Client session timed out, have not heard from server in 50ms for sessionid 0x0
2019-03-11 11:16:58 上午 [Thread: main-SendThread(nginx.mystox.com:2181)][ Class:org.apache.zookeeper.ClientCnxn >> Method: org.apache.zookeeper.ClientCnxn$SendThread.run(ClientCnxn.java:1160) ]
INFO:Client session timed out, have not heard from server in 50ms for sessionid 0x0, closing socket connection and attempting reconnect
2019-03-11 11:16:59 上午 [Thread: main-SendThread(nginx.mystox.com:2183)][ Class:org.apache.zookeeper.ClientCnxn >> Method: org.apache.zookeeper.ClientCnxn$SendThread.logStartConnect(ClientCnxn.java:1029) ]
INFO:Opening socket connection to server nginx.mystox.com/172.16.5.26:2183. Will not attempt to authenticate using SASL (unknown error)
2019-03-11 11:16:59 上午 [Thread: main-SendThread(nginx.mystox.com:2183)][ Class:org.apache.zookeeper.ClientCnxn >> Method: org.apache.zookeeper.ClientCnxn$SendThread.primeConnection(ClientCnxn.java:879) ]
INFO:Socket connection established to nginx.mystox.com/172.16.5.26:2183, initiating session
2019-03-11 11:16:59 上午 [Thread: main-SendThread(nginx.mystox.com:2183)][ Class:org.apache.zookeeper.ClientCnxn >> Method: org.apache.zookeeper.ClientCnxn$SendThread.onConnected(ClientCnxn.java:1303) ]
INFO:Session establishment complete on server nginx.mystox.com/172.16.5.26:2183, sessionid = 0x2004440fd410063, negotiated timeout = 4000
2019-03-11 11:16:59 上午 [Thread: main][ Class:ServiceRegistryImpl >> Method: tech.mystox.test.zookeeper.ServiceRegistryImpl.<init>(ServiceRegistryImpl.java:29) ]
INFO:connected to zookeeper
2019-03-11 11:17:00 上午 [Thread: main][ Class:org.apache.zookeeper.ZooKeeper >> Method: org.apache.zookeeper.ZooKeeper.close(ZooKeeper.java:693) ]
INFO:Session: 0x2004440fd410063 closed
2019-03-11 11:18:46 上午 [Thread: main][ Class:org.apache.zookeeper.ZooKeeper >> Method: org.apache.zookeeper.Environment.logEnv(Environment.java:100) ]
INFO:Client environment:zookeeper.version=3.4.13-2d71af4dbe22557fda74f9a9b4309b15a7487f03, built on 06/29/2018 00:39 GMT
2019-03-11 11:18:46 上午 [Thread: main][ Class:org.apache.zookeeper.ZooKeeper >> Method: org.apache.zookeeper.Environment.logEnv(Environment.java:100) ]
INFO:Client environment:host.name=mystox
2019-03-11 11:18:46 上午 [Thread: main][ Class:org.apache.zookeeper.ZooKeeper >> Method: org.apache.zookeeper.Environment.logEnv(Environment.java:100) ]
INFO:Client environment:java.version=1.8.0_77
2019-03-11 11:18:46 上午 [Thread: main][ Class:org.apache.zookeeper.ZooKeeper >> Method: org.apache.zookeeper.Environment.logEnv(Environment.java:100) ]
INFO:Client environment:java.vendor=Oracle Corporation
2019-03-11 11:18:46 上午 [Thread: main][ Class:org.apache.zookeeper.ZooKeeper >> Method: org.apache.zookeeper.Environment.logEnv(Environment.java:100) ]
INFO:Client environment:java.home=C:\Java\jdk1.8.0_77\jre
2019-03-11 11:18:46 上午 [Thread: main][ Class:org.apache.zookeeper.ZooKeeper >> Method: org.apache.zookeeper.Environment.logEnv(Environment.java:100) ]
INFO:Client environment:java.class.path=C:\Java\jdk1.8.0_77\jre\lib\charsets.jar;C:\Java\jdk1.8.0_77\jre\lib\deploy.jar;C:\Java\jdk1.8.0_77\jre\lib\ext\access-bridge-64.jar;C:\Java\jdk1.8.0_77\jre\lib\ext\cldrdata.jar;C:\Java\jdk1.8.0_77\jre\lib\ext\dnsns.jar;C:\Java\jdk1.8.0_77\jre\lib\ext\jaccess.jar;C:\Java\jdk1.8.0_77\jre\lib\ext\jfxrt.jar;C:\Java\jdk1.8.0_77\jre\lib\ext\localedata.jar;C:\Java\jdk1.8.0_77\jre\lib\ext\nashorn.jar;C:\Java\jdk1.8.0_77\jre\lib\ext\sunec.jar;C:\Java\jdk1.8.0_77\jre\lib\ext\sunjce_provider.jar;C:\Java\jdk1.8.0_77\jre\lib\ext\sunmscapi.jar;C:\Java\jdk1.8.0_77\jre\lib\ext\sunpkcs11.jar;C:\Java\jdk1.8.0_77\jre\lib\ext\zipfs.jar;C:\Java\jdk1.8.0_77\jre\lib\javaws.jar;C:\Java\jdk1.8.0_77\jre\lib\jce.jar;C:\Java\jdk1.8.0_77\jre\lib\jfr.jar;C:\Java\jdk1.8.0_77\jre\lib\jfxswt.jar;C:\Java\jdk1.8.0_77\jre\lib\jsse.jar;C:\Java\jdk1.8.0_77\jre\lib\management-agent.jar;C:\Java\jdk1.8.0_77\jre\lib\plugin.jar;C:\Java\jdk1.8.0_77\jre\lib\resources.jar;C:\Java\jdk1.8.0_77\jre\lib\rt.jar;E:\IdeaProjects\mystox_test_space\maintest\target\classes;E:\m2\repository\org\apache\zookeeper\zookeeper\3.4.13\zookeeper-3.4.13.jar;E:\m2\repository\jline\jline\0.9.94\jline-0.9.94.jar;E:\m2\repository\org\apache\yetus\audience-annotations\0.5.0\audience-annotations-0.5.0.jar;E:\m2\repository\io\netty\netty\3.10.6.Final\netty-3.10.6.Final.jar;E:\IdeaProjects\mystox_test_space\test-core\target\classes;E:\m2\repository\org\apache\hadoop\hadoop-common\3.1.1\hadoop-common-3.1.1.jar;E:\m2\repository\org\apache\hadoop\hadoop-annotations\3.1.1\hadoop-annotations-3.1.1.jar;C:\Java\jdk1.8.0_77\lib\tools.jar;E:\m2\repository\com\google\guava\guava\11.0.2\guava-11.0.2.jar;E:\m2\repository\commons-cli\commons-cli\1.2\commons-cli-1.2.jar;E:\m2\repository\org\apache\commons\commons-math3\3.1.1\commons-math3-3.1.1.jar;E:\m2\repository\org\apache\httpcomponents\httpclient\4.5.2\httpclient-4.5.2.jar;E:\m2\repository\org\apache\httpcomponents\httpcore\4.4.4\httpcore-4.4.4.jar;E:\m2\repository\commons-codec\commons-codec\1.11\commons-codec-1.11.jar;E:\m2\repository\commons-io\commons-io\2.5\commons-io-2.5.jar;E:\m2\repository\commons-net\commons-net\3.6\commons-net-3.6.jar;E:\m2\repository\commons-collections\commons-collections\3.2.2\commons-collections-3.2.2.jar;E:\m2\repository\javax\servlet\javax.servlet-api\3.1.0\javax.servlet-api-3.1.0.jar;E:\m2\repository\org\eclipse\jetty\jetty-server\9.3.19.v20170502\jetty-server-9.3.19.v20170502.jar;E:\m2\repository\org\eclipse\jetty\jetty-http\9.3.19.v20170502\jetty-http-9.3.19.v20170502.jar;E:\m2\repository\org\eclipse\jetty\jetty-io\9.3.19.v20170502\jetty-io-9.3.19.v20170502.jar;E:\m2\repository\org\eclipse\jetty\jetty-util\9.3.19.v20170502\jetty-util-9.3.19.v20170502.jar;E:\m2\repository\org\eclipse\jetty\jetty-servlet\9.3.19.v20170502\jetty-servlet-9.3.19.v20170502.jar;E:\m2\repository\org\eclipse\jetty\jetty-security\9.3.19.v20170502\jetty-security-9.3.19.v20170502.jar;E:\m2\repository\org\eclipse\jetty\jetty-webapp\9.3.19.v20170502\jetty-webapp-9.3.19.v20170502.jar;E:\m2\repository\org\eclipse\jetty\jetty-xml\9.3.19.v20170502\jetty-xml-9.3.19.v20170502.jar;E:\m2\repository\javax\servlet\jsp\jsp-api\2.1\jsp-api-2.1.jar;E:\m2\repository\com\sun\jersey\jersey-core\1.19\jersey-core-1.19.jar;E:\m2\repository\javax\ws\rs\jsr311-api\1.1.1\jsr311-api-1.1.1.jar;E:\m2\repository\com\sun\jersey\jersey-servlet\1.19\jersey-servlet-1.19.jar;E:\m2\repository\com\sun\jersey\jersey-json\1.19\jersey-json-1.19.jar;E:\m2\repository\org\codehaus\jettison\jettison\1.1\jettison-1.1.jar;E:\m2\repository\com\sun\xml\bind\jaxb-impl\2.2.3-1\jaxb-impl-2.2.3-1.jar;E:\m2\repository\javax\xml\bind\jaxb-api\2.2.2\jaxb-api-2.2.2.jar;E:\m2\repository\javax\xml\stream\stax-api\1.0-2\stax-api-1.0-2.jar;E:\m2\repository\javax\activation\activation\1.1\activation-1.1.jar;E:\m2\repository\org\codehaus\jackson\jackson-core-asl\1.9.2\jackson-core-asl-1.9.2.jar;E:\m2\repository\org\codehaus\jackson\jackson-mapper-asl\1.9.2\jackson-mapper-asl-1.9.2.jar;E:\m2\repository\org\codehaus\jackson\jackson-jaxrs\1.9.2\jackson-jaxrs-1.9.2.jar;E:\m2\repository\org\codehaus\jackson\jackson-xc\1.9.2\jackson-xc-1.9.2.jar;E:\m2\repository\com\sun\jersey\jersey-server\1.19\jersey-server-1.19.jar;E:\m2\repository\commons-logging\commons-logging\1.1.3\commons-logging-1.1.3.jar;E:\m2\repository\commons-lang\commons-lang\2.6\commons-lang-2.6.jar;E:\m2\repository\commons-beanutils\commons-beanutils\1.9.3\commons-beanutils-1.9.3.jar;E:\m2\repository\org\apache\commons\commons-configuration2\2.1.1\commons-configuration2-2.1.1.jar;E:\m2\repository\org\apache\commons\commons-lang3\3.4\commons-lang3-3.4.jar;E:\m2\repository\org\apache\avro\avro\1.7.7\avro-1.7.7.jar;E:\m2\repository\com\thoughtworks\paranamer\paranamer\2.3\paranamer-2.3.jar;E:\m2\repository\org\xerial\snappy\snappy-java\1.0.5\snappy-java-1.0.5.jar;E:\m2\repository\com\google\re2j\re2j\1.1\re2j-1.1.jar;E:\m2\repository\com\google\protobuf\protobuf-java\2.5.0\protobuf-java-2.5.0.jar;E:\m2\repository\com\google\code\gson\gson\2.2.4\gson-2.2.4.jar;E:\m2\repository\org\apache\hadoop\hadoop-auth\3.1.1\hadoop-auth-3.1.1.jar;E:\m2\repository\com\nimbusds\nimbus-jose-jwt\4.41.1\nimbus-jose-jwt-4.41.1.jar;E:\m2\repository\com\github\stephenc\jcip\jcip-annotations\1.0-1\jcip-annotations-1.0-1.jar;E:\m2\repository\net\minidev\json-smart\2.3\json-smart-2.3.jar;E:\m2\repository\net\minidev\accessors-smart\1.2\accessors-smart-1.2.jar;E:\m2\repository\org\ow2\asm\asm\5.0.4\asm-5.0.4.jar;E:\m2\repository\org\apache\curator\curator-framework\2.12.0\curator-framework-2.12.0.jar;E:\m2\repository\com\jcraft\jsch\0.1.54\jsch-0.1.54.jar;E:\m2\repository\org\apache\curator\curator-client\2.12.0\curator-client-2.12.0.jar;E:\m2\repository\org\apache\curator\curator-recipes\2.12.0\curator-recipes-2.12.0.jar;E:\m2\repository\com\google\code\findbugs\jsr305\3.0.0\jsr305-3.0.0.jar;E:\m2\repository\org\apache\htrace\htrace-core4\4.1.0-incubating\htrace-core4-4.1.0-incubating.jar;E:\m2\repository\org\apache\commons\commons-compress\1.4.1\commons-compress-1.4.1.jar;E:\m2\repository\org\tukaani\xz\1.0\xz-1.0.jar;E:\m2\repository\org\apache\kerby\kerb-simplekdc\1.0.1\kerb-simplekdc-1.0.1.jar;E:\m2\repository\org\apache\kerby\kerb-client\1.0.1\kerb-client-1.0.1.jar;E:\m2\repository\org\apache\kerby\kerby-config\1.0.1\kerby-config-1.0.1.jar;E:\m2\repository\org\apache\kerby\kerb-core\1.0.1\kerb-core-1.0.1.jar;E:\m2\repository\org\apache\kerby\kerby-pkix\1.0.1\kerby-pkix-1.0.1.jar;E:\m2\repository\org\apache\kerby\kerby-asn1\1.0.1\kerby-asn1-1.0.1.jar;E:\m2\repository\org\apache\kerby\kerby-util\1.0.1\kerby-util-1.0.1.jar;E:\m2\repository\org\apache\kerby\kerb-common\1.0.1\kerb-common-1.0.1.jar;E:\m2\repository\org\apache\kerby\kerb-crypto\1.0.1\kerb-crypto-1.0.1.jar;E:\m2\repository\org\apache\kerby\kerb-util\1.0.1\kerb-util-1.0.1.jar;E:\m2\repository\org\apache\kerby\token-provider\1.0.1\token-provider-1.0.1.jar;E:\m2\repository\org\apache\kerby\kerb-admin\1.0.1\kerb-admin-1.0.1.jar;E:\m2\repository\org\apache\kerby\kerb-server\1.0.1\kerb-server-1.0.1.jar;E:\m2\repository\org\apache\kerby\kerb-identity\1.0.1\kerb-identity-1.0.1.jar;E:\m2\repository\org\apache\kerby\kerby-xdr\1.0.1\kerby-xdr-1.0.1.jar;E:\m2\repository\com\fasterxml\jackson\core\jackson-databind\2.7.8\jackson-databind-2.7.8.jar;E:\m2\repository\com\fasterxml\jackson\core\jackson-annotations\2.7.0\jackson-annotations-2.7.0.jar;E:\m2\repository\com\fasterxml\jackson\core\jackson-core\2.7.8\jackson-core-2.7.8.jar;E:\m2\repository\org\codehaus\woodstox\stax2-api\3.1.4\stax2-api-3.1.4.jar;E:\m2\repository\com\fasterxml\woodstox\woodstox-core\5.0.3\woodstox-core-5.0.3.jar;E:\m2\repository\org\slf4j\slf4j-api\1.7.12\slf4j-api-1.7.12.jar;E:\m2\repository\org\slf4j\jcl-over-slf4j\1.7.12\jcl-over-slf4j-1.7.12.jar;E:\m2\repository\org\slf4j\slf4j-log4j12\1.7.12\slf4j-log4j12-1.7.12.jar;E:\m2\repository\log4j\log4j\1.2.16\log4j-1.2.16.jar;E:\JetBrains\IntelliJ IDEA 2016.3.5\lib\idea_rt.jar
2019-03-11 11:18:46 上午 [Thread: main][ Class:org.apache.zookeeper.ZooKeeper >> Method: org.apache.zookeeper.Environment.logEnv(Environment.java:100) ]
INFO:Client environment:java.library.path=C:\Java\jdk1.8.0_77\bin;C:\WINDOWS\Sun\Java\bin;C:\WINDOWS\system32;C:\WINDOWS;C:\ProgramData\Oracle\Java\javapath;h:\app\mystoxOrcl\product\12.1.0\dbhome_1\bin;h:\app\mystox\product\12.1.0\dbhome_1\bin;C:\WINDOWS\system32;C:\WINDOWS;C:\WINDOWS\System32\Wbem;C:\WINDOWS\System32\WindowsPowerShell\v1.0\;C:\Java\jdk1.8.0_77\bin;C:\Java\jdk1.8.0_77\jre\bin;C:\Program Files (x86)\cvsnt;C:\Program Files (x86)\NVIDIA Corporation\PhysX\Common;C:\WINDOWS\system32;C:\WINDOWS;C:\WINDOWS\System32\Wbem;C:\WINDOWS\System32\WindowsPowerShell\v1.0\;C:\Program Files\Common Files\Autodesk Shared\;%localappdata%\Microsoft\WindowsApps;h:\Program Files (x86)\IDM Computer Solutions\UltraEdit;H:\Rational\;H:\Rational\common;C:\Program Files (x86)\MySQL\MySQL Server 5.0\bin;H:\Program Files\nodejs\;h:\Program Files\IDM Computer Solutions\UltraEdit;C:\ApacheSoftware\apache-maven-3.3.9\bin;E:\MongoDB\Server\3.4\bin;C:\Program Files\Intel\WiFi\bin\;C:\Program Files\Common Files\Intel\WirelessCommon\;E:\PuTTY\;E:\spring-1.3.0.RELEASE\bin;C:\WINDOWS\System32\OpenSSH\;E:\Redis\;E:\TortoiseGit\bin;C:\Program Files\Git\cmd;E:\TortoiseSVN\bin;"H:\apache-tomcat-8.0.36\lib;H:\apache-tomcat-8.0.36\bin";;e:\Microsoft VS Code\bin;C:\Users\mystoxlol\AppData\Local\Microsoft\WindowsApps;C:\Users\mystoxlol\AppData\Roaming\npm;e:\Docker Toolbox;C:\Program Files\Intel\WiFi\bin\;C:\Program Files\Common Files\Intel\WirelessCommon\;e:\Microsoft VS Code\bin;;.
2019-03-11 11:18:46 上午 [Thread: main][ Class:org.apache.zookeeper.ZooKeeper >> Method: org.apache.zookeeper.Environment.logEnv(Environment.java:100) ]
INFO:Client environment:java.io.tmpdir=C:\Users\MYSTOX~2\AppData\Local\Temp\
2019-03-11 11:18:46 上午 [Thread: main][ Class:org.apache.zookeeper.ZooKeeper >> Method: org.apache.zookeeper.Environment.logEnv(Environment.java:100) ]
INFO:Client environment:java.compiler=<NA>
2019-03-11 11:18:46 上午 [Thread: main][ Class:org.apache.zookeeper.ZooKeeper >> Method: org.apache.zookeeper.Environment.logEnv(Environment.java:100) ]
INFO:Client environment:os.name=Windows 10
2019-03-11 11:18:46 上午 [Thread: main][ Class:org.apache.zookeeper.ZooKeeper >> Method: org.apache.zookeeper.Environment.logEnv(Environment.java:100) ]
INFO:Client environment:os.arch=amd64
2019-03-11 11:18:46 上午 [Thread: main][ Class:org.apache.zookeeper.ZooKeeper >> Method: org.apache.zookeeper.Environment.logEnv(Environment.java:100) ]
INFO:Client environment:os.version=10.0
2019-03-11 11:18:46 上午 [Thread: main][ Class:org.apache.zookeeper.ZooKeeper >> Method: org.apache.zookeeper.Environment.logEnv(Environment.java:100) ]
INFO:Client environment:user.name=mystoxlol
2019-03-11 11:18:46 上午 [Thread: main][ Class:org.apache.zookeeper.ZooKeeper >> Method: org.apache.zookeeper.Environment.logEnv(Environment.java:100) ]
INFO:Client environment:user.home=C:\Users\mystoxlol
2019-03-11 11:18:46 上午 [Thread: main][ Class:org.apache.zookeeper.ZooKeeper >> Method: org.apache.zookeeper.Environment.logEnv(Environment.java:100) ]
INFO:Client environment:user.dir=E:\IdeaProjects\mystox_test_space
2019-03-11 11:18:46 上午 [Thread: main][ Class:org.apache.zookeeper.ZooKeeper >> Method: org.apache.zookeeper.ZooKeeper.<init>(ZooKeeper.java:442) ]
INFO:Initiating client connection, connectString=172.16.5.26:2181,172.16.5.26:2182,172.16.5.26:2183 sessionTimeout=150 watcher=tech.mystox.test.zookeeper.ServiceRegistryImpl@2401f4c3
2019-03-11 11:18:46 上午 [Thread: main-SendThread(nginx.mystox.com:2183)][ Class:org.apache.zookeeper.ClientCnxn >> Method: org.apache.zookeeper.ClientCnxn$SendThread.logStartConnect(ClientCnxn.java:1029) ]
INFO:Opening socket connection to server nginx.mystox.com/172.16.5.26:2183. Will not attempt to authenticate using SASL (unknown error)
2019-03-11 11:18:46 上午 [Thread: main-SendThread(nginx.mystox.com:2183)][ Class:org.apache.zookeeper.ClientCnxn >> Method: org.apache.zookeeper.ClientCnxn$SendThread.primeConnection(ClientCnxn.java:879) ]
INFO:Socket connection established to nginx.mystox.com/172.16.5.26:2183, initiating session
2019-03-11 11:18:46 上午 [Thread: main-SendThread(nginx.mystox.com:2183)][ Class:org.apache.zookeeper.ClientCnxn >> Method: org.apache.zookeeper.ClientCnxn$SendThread.onConnected(ClientCnxn.java:1303) ]
INFO:Session establishment complete on server nginx.mystox.com/172.16.5.26:2183, sessionid = 0x2004440fd410064, negotiated timeout = 4000
2019-03-11 11:18:46 上午 [Thread: main][ Class:ServiceRegistryImpl >> Method: tech.mystox.test.zookeeper.ServiceRegistryImpl.<init>(ServiceRegistryImpl.java:29) ]
INFO:connected to zookeeper
2019-03-11 11:18:46 上午 [Thread: main][ Class:org.apache.zookeeper.ZooKeeper >> Method: org.apache.zookeeper.ZooKeeper.close(ZooKeeper.java:693) ]
INFO:Session: 0x2004440fd410064 closed
